2020.10.21 14:52:26 INFO  started: Metals version 0.9.3+82-189ba64a-SNAPSHOT in workspace '/Users/liuyingxue/Documents/work/3MI3/h5' for client vscode.
2020.10.21 14:52:28 INFO  time: initialize in 2.06s
2020.10.21 14:52:29 WARN  no build tool detected in workspace '/Users/liuyingxue/Documents/work/3MI3/h5'. The most common cause for this problem is that the editor was opened in the wrong working directory, for example if you use sbt then the workspace directory should contain build.sbt. 
2020.10.21 14:52:34 INFO  no build target: using presentation compiler with only scala-library
2020.10.21 14:52:34 WARN  no build target for: /Users/liuyingxue/Documents/work/3MI3/h5/a1p1.sc
Oct 21, 2020 2:52:35 PM org.eclipse.lsp4j.jsonrpc.RemoteEndpoint handleCancellation
WARNING: Unmatched cancel notification for request id 2
Oct 21, 2020 3:47:22 PM org.eclipse.lsp4j.jsonrpc.RemoteEndpoint handleNotification
WARNING: Notification threw an exception: {
  "jsonrpc": "2.0",
  "method": "workspace/didChangeWatchedFiles",
  "params": {
    "changes": [
      {
        "uri": "file:///Users/liuyingxue/Documents/work/3MI3/h5/a1p1.sc",
        "type": 3
      }
    ]
  }
}
java.lang.RuntimeException: java.lang.reflect.InvocationTargetException
	at org.eclipse.lsp4j.jsonrpc.services.GenericEndpoint.lambda$null$0(GenericEndpoint.java:67)
	at org.eclipse.lsp4j.jsonrpc.services.GenericEndpoint.notify(GenericEndpoint.java:152)
	at org.eclipse.lsp4j.jsonrpc.RemoteEndpoint.handleNotification(RemoteEndpoint.java:220)
	at org.eclipse.lsp4j.jsonrpc.RemoteEndpoint.consume(RemoteEndpoint.java:187)
	at org.eclipse.lsp4j.jsonrpc.json.StreamMessageProducer.handleMessage(StreamMessageProducer.java:194)
	at org.eclipse.lsp4j.jsonrpc.json.StreamMessageProducer.listen(StreamMessageProducer.java:94)
	at org.eclipse.lsp4j.jsonrpc.json.ConcurrentMessageProcessor.run(ConcurrentMessageProcessor.java:113)
	at java.base/java.util.concurrent.Executors$RunnableAdapter.call(Executors.java:515)
	at java.base/java.util.concurrent.FutureTask.run(FutureTask.java:264)
	at java.base/java.util.concurrent.ThreadPoolExecutor.runWorker(ThreadPoolExecutor.java:1128)
	at java.base/java.util.concurrent.ThreadPoolExecutor$Worker.run(ThreadPoolExecutor.java:628)
	at java.base/java.lang.Thread.run(Thread.java:830)
Caused by: java.lang.reflect.InvocationTargetException
	at java.base/jdk.internal.reflect.NativeMethodAccessorImpl.invoke0(Native Method)
	at java.base/jdk.internal.reflect.NativeMethodAccessorImpl.invoke(NativeMethodAccessorImpl.java:62)
	at java.base/jdk.internal.reflect.DelegatingMethodAccessorImpl.invoke(DelegatingMethodAccessorImpl.java:43)
	at java.base/java.lang.reflect.Method.invoke(Method.java:567)
	at org.eclipse.lsp4j.jsonrpc.services.GenericEndpoint.lambda$null$0(GenericEndpoint.java:65)
	... 11 more
Caused by: java.nio.file.NoSuchFileException: /Users/liuyingxue/Documents/work/3MI3/h5/a1p1.sc
	at java.base/sun.nio.fs.UnixException.translateToIOException(UnixException.java:92)
	at java.base/sun.nio.fs.UnixException.rethrowAsIOException(UnixException.java:111)
	at java.base/sun.nio.fs.UnixException.rethrowAsIOException(UnixException.java:116)
	at java.base/sun.nio.fs.UnixFileSystemProvider.newByteChannel(UnixFileSystemProvider.java:219)
	at java.base/java.nio.file.Files.newByteChannel(Files.java:374)
	at java.base/java.nio.file.Files.newByteChannel(Files.java:425)
	at java.base/java.nio.file.Files.readAllBytes(Files.java:3271)
	at scala.meta.internal.io.PlatformFileIO$.slurp(PlatformFileIO.scala:45)
	at scala.meta.internal.io.FileIO$.slurp(FileIO.scala:24)
	at scala.meta.internal.metals.MetalsLanguageServer.$anonfun$onChange$1(MetalsLanguageServer.scala:1076)
	at scala.meta.internal.metals.MetalsLanguageServer.$anonfun$onChange$1$adapted(MetalsLanguageServer.scala:1075)
	at scala.collection.immutable.Stream.foreach(Stream.scala:533)
	at scala.meta.internal.metals.MetalsLanguageServer.onChange(MetalsLanguageServer.scala:1075)
	at scala.meta.internal.metals.MetalsLanguageServer.didChangeWatchedFiles(MetalsLanguageServer.scala:1027)
	... 16 more

2020.10.21 22:06:05 WARN  no build target for: /Users/liuyingxue/Documents/work/3MI3/h5/h5.sc
java.lang.NullPointerException
	at scala.meta.internal.metals.ammonite.Ammonite.$anonfun$maybeImport$3(Ammonite.scala:207)
	at scala.meta.internal.metals.ammonite.Ammonite.$anonfun$maybeImport$3$adapted(Ammonite.scala:204)
	at scala.concurrent.impl.CallbackRunnable.run(Promise.scala:64)
	at java.base/java.util.concurrent.ThreadPoolExecutor.runWorker(ThreadPoolExecutor.java:1128)
	at java.base/java.util.concurrent.ThreadPoolExecutor$Worker.run(ThreadPoolExecutor.java:628)
	at java.base/java.lang.Thread.run(Thread.java:830)
2020.10.21 22:06:05 WARN  no build target for: /Users/liuyingxue/Documents/work/3MI3/h5/h5.sc
2020.10.21 22:22:46 WARN  no build target for: /Users/liuyingxue/Documents/work/3MI3/h5/h5.sc
2020.10.21 22:22:52 WARN  no build target for: /Users/liuyingxue/Documents/work/3MI3/h5/h5.sc
2020.10.21 22:22:54 WARN  no build target for: /Users/liuyingxue/Documents/work/3MI3/h5/h5.sc
something's wrong: no file:///Users/liuyingxue/Documents/work/3MI3/h5/h5.sc in List[<error>]RangePosition(file:///Users/liuyingxue/Documents/work/3MI3/h5/h5.sc, 13, 13, 27)
2020.10.21 22:22:56 WARN  no build target for: /Users/liuyingxue/Documents/work/3MI3/h5/h5.sc
something's wrong: no file:///Users/liuyingxue/Documents/work/3MI3/h5/h5.sc in List[<error>]RangePosition(file:///Users/liuyingxue/Documents/work/3MI3/h5/h5.sc, 13, 13, 20)
something's wrong: no file:///Users/liuyingxue/Documents/work/3MI3/h5/h5.sc in List[Int]RangePosition(file:///Users/liuyingxue/Documents/work/3MI3/h5/h5.sc, 13, 13, 22)
2020.10.21 22:22:58 WARN  no build target for: /Users/liuyingxue/Documents/work/3MI3/h5/h5.sc
something's wrong: no file:///Users/liuyingxue/Documents/work/3MI3/h5/h5.sc in List[Int]RangePosition(file:///Users/liuyingxue/Documents/work/3MI3/h5/h5.sc, 13, 13, 22)
something's wrong: no file:///Users/liuyingxue/Documents/work/3MI3/h5/h5.sc in List[Int]RangePosition(file:///Users/liuyingxue/Documents/work/3MI3/h5/h5.sc, 13, 13, 22)
2020.10.21 22:23:02 WARN  no build target for: /Users/liuyingxue/Documents/work/3MI3/h5/h5.sc
2020.10.21 22:23:06 WARN  no build target for: /Users/liuyingxue/Documents/work/3MI3/h5/h5.sc
something's wrong: no file:///Users/liuyingxue/Documents/work/3MI3/h5/h5.sc in List[<error>]RangePosition(file:///Users/liuyingxue/Documents/work/3MI3/h5/h5.sc, 28, 28, 42)
2020.10.21 22:23:08 WARN  no build target for: /Users/liuyingxue/Documents/work/3MI3/h5/h5.sc
something's wrong: no file:///Users/liuyingxue/Documents/work/3MI3/h5/h5.sc in List[<error>]RangePosition(file:///Users/liuyingxue/Documents/work/3MI3/h5/h5.sc, 28, 28, 35)
2020.10.21 22:23:09 WARN  no build target for: /Users/liuyingxue/Documents/work/3MI3/h5/h5.sc
something's wrong: no file:///Users/liuyingxue/Documents/work/3MI3/h5/h5.sc in List[<error>]RangePosition(file:///Users/liuyingxue/Documents/work/3MI3/h5/h5.sc, 28, 28, 36)
something's wrong: no file:///Users/liuyingxue/Documents/work/3MI3/h5/h5.sc in List[<error>]RangePosition(file:///Users/liuyingxue/Documents/work/3MI3/h5/h5.sc, 28, 28, 37)
something's wrong: no file:///Users/liuyingxue/Documents/work/3MI3/h5/h5.sc in List[<error>]RangePosition(file:///Users/liuyingxue/Documents/work/3MI3/h5/h5.sc, 28, 28, 38)
2020.10.21 22:23:11 WARN  no build target for: /Users/liuyingxue/Documents/work/3MI3/h5/h5.sc
something's wrong: no file:///Users/liuyingxue/Documents/work/3MI3/h5/h5.sc in List[<error>]RangePosition(file:///Users/liuyingxue/Documents/work/3MI3/h5/h5.sc, 33, 33, 47)
2020.10.21 22:23:13 WARN  no build target for: /Users/liuyingxue/Documents/work/3MI3/h5/h5.sc
2020.10.21 22:45:52 WARN  no build target for: /Users/liuyingxue/Documents/work/3MI3/h4/h4.sc
java.lang.NullPointerException
	at scala.meta.internal.metals.ammonite.Ammonite.$anonfun$maybeImport$3(Ammonite.scala:207)
	at scala.meta.internal.metals.ammonite.Ammonite.$anonfun$maybeImport$3$adapted(Ammonite.scala:204)
	at scala.concurrent.impl.CallbackRunnable.run(Promise.scala:64)
	at java.base/java.util.concurrent.ThreadPoolExecutor.runWorker(ThreadPoolExecutor.java:1128)
	at java.base/java.util.concurrent.ThreadPoolExecutor$Worker.run(ThreadPoolExecutor.java:628)
	at java.base/java.lang.Thread.run(Thread.java:830)
2020.10.21 22:46:01 WARN  no build target for: /Users/liuyingxue/Documents/work/3MI3/h4/h4t.sc
java.lang.NullPointerException
	at scala.meta.internal.metals.ammonite.Ammonite.$anonfun$maybeImport$3(Ammonite.scala:207)
	at scala.meta.internal.metals.ammonite.Ammonite.$anonfun$maybeImport$3$adapted(Ammonite.scala:204)
	at scala.concurrent.impl.CallbackRunnable.run(Promise.scala:64)
	at java.base/java.util.concurrent.ThreadPoolExecutor.runWorker(ThreadPoolExecutor.java:1128)
	at java.base/java.util.concurrent.ThreadPoolExecutor$Worker.run(ThreadPoolExecutor.java:628)
	at java.base/java.lang.Thread.run(Thread.java:830)
2020.10.21 22:46:20 WARN  no build target for: /Users/liuyingxue/Documents/work/3MI3/h5/h5.sc
2020.10.21 22:46:21 WARN  no build target for: /Users/liuyingxue/Documents/work/3MI3/h5/h5.sc
something's wrong: no file:///Users/liuyingxue/Documents/work/3MI3/h5/h5.sc in List[<error>]RangePosition(file:///Users/liuyingxue/Documents/work/3MI3/h5/h5.sc, 33, 33, 52)
2020.10.21 22:46:31 WARN  no build target for: /Users/liuyingxue/Documents/work/3MI3/h5/h5.sc
2020.10.21 22:46:32 WARN  no build target for: /Users/liuyingxue/Documents/work/3MI3/h5/h5.sc
something's wrong: no file:///Users/liuyingxue/Documents/work/3MI3/h5/h5.sc in List[<error>]RangePosition(file:///Users/liuyingxue/Documents/work/3MI3/h5/h5.sc, 33, 33, 57)
something's wrong: no file:///Users/liuyingxue/Documents/work/3MI3/h5/h5.sc in List[<error>]RangePosition(file:///Users/liuyingxue/Documents/work/3MI3/h5/h5.sc, 33, 33, 58)
something's wrong: no file:///Users/liuyingxue/Documents/work/3MI3/h5/h5.sc in List[<error>]RangePosition(file:///Users/liuyingxue/Documents/work/3MI3/h5/h5.sc, 33, 33, 59)
something's wrong: no file:///Users/liuyingxue/Documents/work/3MI3/h5/h5.sc in List[<error>]RangePosition(file:///Users/liuyingxue/Documents/work/3MI3/h5/h5.sc, 33, 33, 60)
something's wrong: no file:///Users/liuyingxue/Documents/work/3MI3/h5/h5.sc in List[<error>]RangePosition(file:///Users/liuyingxue/Documents/work/3MI3/h5/h5.sc, 33, 33, 61)
something's wrong: no file:///Users/liuyingxue/Documents/work/3MI3/h5/h5.sc in List[<error>]RangePosition(file:///Users/liuyingxue/Documents/work/3MI3/h5/h5.sc, 33, 33, 62)
2020.10.21 22:46:35 WARN  no build target for: /Users/liuyingxue/Documents/work/3MI3/h5/h5.sc
something's wrong: no file:///Users/liuyingxue/Documents/work/3MI3/h5/h5.sc in List[<error>]RangePosition(file:///Users/liuyingxue/Documents/work/3MI3/h5/h5.sc, 33, 33, 63)
2020.10.21 22:46:36 WARN  no build target for: /Users/liuyingxue/Documents/work/3MI3/h5/h5.sc
2020.10.21 22:46:37 WARN  no build target for: /Users/liuyingxue/Documents/work/3MI3/h5/h5.sc
2020.10.21 22:46:41 WARN  no build target for: /Users/liuyingxue/Documents/work/3MI3/h5/h5.sc
something's wrong: no file:///Users/liuyingxue/Documents/work/3MI3/h4/h4.sc in this.Stream[A]RangePosition(file:///Users/liuyingxue/Documents/work/3MI3/h4/h4.sc, 702, 702, 711)
2020.10.21 22:47:14 WARN  no build target for: /Users/liuyingxue/Documents/work/3MI3/h5/h5.sc
something's wrong: no file:///Users/liuyingxue/Documents/work/3MI3/h5/h5.sc in List[List[Int => Boolean]]RangePosition(file:///Users/liuyingxue/Documents/work/3MI3/h5/h5.sc, 28, 28, 52)
2020.10.21 22:47:54 WARN  no build target for: /Users/liuyingxue/Documents/work/3MI3/h5/h5.sc
Oct 21, 2020 10:47:54 PM scala.meta.internal.pc.completions.Completions completionPosition
SEVERE: null
java.lang.NullPointerException
	at scala.meta.internal.pc.completions.OverrideCompletions$OverrideCompletion.<init>(OverrideCompletions.scala:46)
	at scala.meta.internal.pc.completions.Completions.completionPositionUnsafe(Completions.scala:500)
	at scala.meta.internal.pc.completions.Completions.completionPositionUnsafe$(Completions.scala:409)
	at scala.meta.internal.pc.MetalsGlobal.completionPositionUnsafe(MetalsGlobal.scala:29)
	at scala.meta.internal.pc.completions.Completions.completionPosition(Completions.scala:401)
	at scala.meta.internal.pc.completions.Completions.completionPosition$(Completions.scala:386)
	at scala.meta.internal.pc.MetalsGlobal.completionPosition(MetalsGlobal.scala:29)
	at scala.meta.internal.pc.CompletionProvider.safeCompletionsAt(CompletionProvider.scala:444)
	at scala.meta.internal.pc.CompletionProvider.completions(CompletionProvider.scala:57)
	at scala.meta.internal.pc.ScalaPresentationCompiler.$anonfun$complete$1(ScalaPresentationCompiler.scala:184)
	at scala.meta.internal.pc.CompilerAccess.withSharedCompiler(CompilerAccess.scala:137)
	at scala.meta.internal.pc.CompilerAccess.$anonfun$withInterruptableCompiler$1(CompilerAccess.scala:87)
	at scala.meta.internal.pc.CompilerAccess.$anonfun$onCompilerJobQueue$1(CompilerAccess.scala:197)
	at scala.meta.internal.pc.CompilerJobQueue$Job.run(CompilerJobQueue.scala:103)
	at java.base/java.util.concurrent.ThreadPoolExecutor.runWorker(ThreadPoolExecutor.java:1128)
	at java.base/java.util.concurrent.ThreadPoolExecutor$Worker.run(ThreadPoolExecutor.java:628)
	at java.base/java.lang.Thread.run(Thread.java:830)

Oct 21, 2020 10:47:55 PM scala.meta.internal.pc.completions.Completions completionPosition
SEVERE: null
java.lang.NullPointerException
	at scala.meta.internal.pc.completions.OverrideCompletions$OverrideCompletion.<init>(OverrideCompletions.scala:46)
	at scala.meta.internal.pc.completions.Completions.completionPositionUnsafe(Completions.scala:500)
	at scala.meta.internal.pc.completions.Completions.completionPositionUnsafe$(Completions.scala:409)
	at scala.meta.internal.pc.MetalsGlobal.completionPositionUnsafe(MetalsGlobal.scala:29)
	at scala.meta.internal.pc.completions.Completions.completionPosition(Completions.scala:401)
	at scala.meta.internal.pc.completions.Completions.completionPosition$(Completions.scala:386)
	at scala.meta.internal.pc.MetalsGlobal.completionPosition(MetalsGlobal.scala:29)
	at scala.meta.internal.pc.CompletionProvider.safeCompletionsAt(CompletionProvider.scala:444)
	at scala.meta.internal.pc.CompletionProvider.completions(CompletionProvider.scala:57)
	at scala.meta.internal.pc.ScalaPresentationCompiler.$anonfun$complete$1(ScalaPresentationCompiler.scala:184)
	at scala.meta.internal.pc.CompilerAccess.withSharedCompiler(CompilerAccess.scala:137)
	at scala.meta.internal.pc.CompilerAccess.$anonfun$withInterruptableCompiler$1(CompilerAccess.scala:87)
	at scala.meta.internal.pc.CompilerAccess.$anonfun$onCompilerJobQueue$1(CompilerAccess.scala:197)
	at scala.meta.internal.pc.CompilerJobQueue$Job.run(CompilerJobQueue.scala:103)
	at java.base/java.util.concurrent.ThreadPoolExecutor.runWorker(ThreadPoolExecutor.java:1128)
	at java.base/java.util.concurrent.ThreadPoolExecutor$Worker.run(ThreadPoolExecutor.java:628)
	at java.base/java.lang.Thread.run(Thread.java:830)

Oct 21, 2020 10:47:56 PM scala.meta.internal.pc.completions.Completions completionPosition
SEVERE: null
java.lang.NullPointerException
	at scala.meta.internal.pc.completions.OverrideCompletions$OverrideCompletion.<init>(OverrideCompletions.scala:46)
	at scala.meta.internal.pc.completions.Completions.completionPositionUnsafe(Completions.scala:500)
	at scala.meta.internal.pc.completions.Completions.completionPositionUnsafe$(Completions.scala:409)
	at scala.meta.internal.pc.MetalsGlobal.completionPositionUnsafe(MetalsGlobal.scala:29)
	at scala.meta.internal.pc.completions.Completions.completionPosition(Completions.scala:401)
	at scala.meta.internal.pc.completions.Completions.completionPosition$(Completions.scala:386)
	at scala.meta.internal.pc.MetalsGlobal.completionPosition(MetalsGlobal.scala:29)
	at scala.meta.internal.pc.CompletionProvider.safeCompletionsAt(CompletionProvider.scala:444)
	at scala.meta.internal.pc.CompletionProvider.completions(CompletionProvider.scala:57)
	at scala.meta.internal.pc.ScalaPresentationCompiler.$anonfun$complete$1(ScalaPresentationCompiler.scala:184)
	at scala.meta.internal.pc.CompilerAccess.withSharedCompiler(CompilerAccess.scala:137)
	at scala.meta.internal.pc.CompilerAccess.$anonfun$withInterruptableCompiler$1(CompilerAccess.scala:87)
	at scala.meta.internal.pc.CompilerAccess.$anonfun$onCompilerJobQueue$1(CompilerAccess.scala:197)
	at scala.meta.internal.pc.CompilerJobQueue$Job.run(CompilerJobQueue.scala:103)
	at java.base/java.util.concurrent.ThreadPoolExecutor.runWorker(ThreadPoolExecutor.java:1128)
	at java.base/java.util.concurrent.ThreadPoolExecutor$Worker.run(ThreadPoolExecutor.java:628)
	at java.base/java.lang.Thread.run(Thread.java:830)

Oct 21, 2020 10:47:56 PM scala.meta.internal.pc.completions.Completions completionPosition
SEVERE: null
java.lang.NullPointerException
	at scala.meta.internal.pc.completions.OverrideCompletions$OverrideCompletion.<init>(OverrideCompletions.scala:46)
	at scala.meta.internal.pc.completions.Completions.completionPositionUnsafe(Completions.scala:500)
	at scala.meta.internal.pc.completions.Completions.completionPositionUnsafe$(Completions.scala:409)
	at scala.meta.internal.pc.MetalsGlobal.completionPositionUnsafe(MetalsGlobal.scala:29)
	at scala.meta.internal.pc.completions.Completions.completionPosition(Completions.scala:401)
	at scala.meta.internal.pc.completions.Completions.completionPosition$(Completions.scala:386)
	at scala.meta.internal.pc.MetalsGlobal.completionPosition(MetalsGlobal.scala:29)
	at scala.meta.internal.pc.CompletionProvider.safeCompletionsAt(CompletionProvider.scala:444)
	at scala.meta.internal.pc.CompletionProvider.completions(CompletionProvider.scala:57)
	at scala.meta.internal.pc.ScalaPresentationCompiler.$anonfun$complete$1(ScalaPresentationCompiler.scala:184)
	at scala.meta.internal.pc.CompilerAccess.withSharedCompiler(CompilerAccess.scala:137)
	at scala.meta.internal.pc.CompilerAccess.$anonfun$withInterruptableCompiler$1(CompilerAccess.scala:87)
	at scala.meta.internal.pc.CompilerAccess.$anonfun$onCompilerJobQueue$1(CompilerAccess.scala:197)
	at scala.meta.internal.pc.CompilerJobQueue$Job.run(CompilerJobQueue.scala:103)
	at java.base/java.util.concurrent.ThreadPoolExecutor.runWorker(ThreadPoolExecutor.java:1128)
	at java.base/java.util.concurrent.ThreadPoolExecutor$Worker.run(ThreadPoolExecutor.java:628)
	at java.base/java.lang.Thread.run(Thread.java:830)

Oct 21, 2020 10:47:56 PM scala.meta.internal.pc.completions.Completions completionPosition
SEVERE: null
java.lang.NullPointerException
	at scala.meta.internal.pc.completions.OverrideCompletions$OverrideCompletion.<init>(OverrideCompletions.scala:46)
	at scala.meta.internal.pc.completions.Completions.completionPositionUnsafe(Completions.scala:500)
	at scala.meta.internal.pc.completions.Completions.completionPositionUnsafe$(Completions.scala:409)
	at scala.meta.internal.pc.MetalsGlobal.completionPositionUnsafe(MetalsGlobal.scala:29)
	at scala.meta.internal.pc.completions.Completions.completionPosition(Completions.scala:401)
	at scala.meta.internal.pc.completions.Completions.completionPosition$(Completions.scala:386)
	at scala.meta.internal.pc.MetalsGlobal.completionPosition(MetalsGlobal.scala:29)
	at scala.meta.internal.pc.CompletionProvider.safeCompletionsAt(CompletionProvider.scala:444)
	at scala.meta.internal.pc.CompletionProvider.completions(CompletionProvider.scala:57)
	at scala.meta.internal.pc.ScalaPresentationCompiler.$anonfun$complete$1(ScalaPresentationCompiler.scala:184)
	at scala.meta.internal.pc.CompilerAccess.withSharedCompiler(CompilerAccess.scala:137)
	at scala.meta.internal.pc.CompilerAccess.$anonfun$withInterruptableCompiler$1(CompilerAccess.scala:87)
	at scala.meta.internal.pc.CompilerAccess.$anonfun$onCompilerJobQueue$1(CompilerAccess.scala:197)
	at scala.meta.internal.pc.CompilerJobQueue$Job.run(CompilerJobQueue.scala:103)
	at java.base/java.util.concurrent.ThreadPoolExecutor.runWorker(ThreadPoolExecutor.java:1128)
	at java.base/java.util.concurrent.ThreadPoolExecutor$Worker.run(ThreadPoolExecutor.java:628)
	at java.base/java.lang.Thread.run(Thread.java:830)

2020.10.21 22:47:57 WARN  no build target for: /Users/liuyingxue/Documents/work/3MI3/h5/h5.sc
2020.10.21 22:48:01 WARN  no build target for: /Users/liuyingxue/Documents/work/3MI3/h5/h5.sc
2020.10.21 22:49:44 WARN  no build target for: /Users/liuyingxue/Documents/work/3MI3/h5/h5.sc
2020.10.21 23:25:12 WARN  no build target for: /Users/liuyingxue/Documents/work/3MI3/A1/a1p3.sc
java.lang.NullPointerException
	at scala.meta.internal.metals.ammonite.Ammonite.$anonfun$maybeImport$3(Ammonite.scala:207)
	at scala.meta.internal.metals.ammonite.Ammonite.$anonfun$maybeImport$3$adapted(Ammonite.scala:204)
	at scala.concurrent.impl.CallbackRunnable.run(Promise.scala:64)
	at java.base/java.util.concurrent.ThreadPoolExecutor.runWorker(ThreadPoolExecutor.java:1128)
	at java.base/java.util.concurrent.ThreadPoolExecutor$Worker.run(ThreadPoolExecutor.java:628)
	at java.base/java.lang.Thread.run(Thread.java:830)
2020.10.22 14:14:49 WARN  no build target for: /Users/liuyingxue/Documents/work/3MI3/h5/h5.sc
2020.10.22 14:15:56 WARN  no build target for: /Users/liuyingxue/Documents/work/3MI3/h5/h5.sc
2020.10.22 14:15:59 WARN  no build target for: /Users/liuyingxue/Documents/work/3MI3/h5/h5.sc
2020.10.22 14:16:04 WARN  no build target for: /Users/liuyingxue/Documents/work/3MI3/h5/h5.sc
2020.10.22 14:16:07 WARN  no build target for: /Users/liuyingxue/Documents/work/3MI3/h5/h5.sc
2020.10.22 14:16:27 WARN  no build target for: /Users/liuyingxue/Documents/work/3MI3/h5/h5.sc
2020.10.22 14:16:32 WARN  no build target for: /Users/liuyingxue/Documents/work/3MI3/h5/h5.sc
2020.10.22 14:16:35 WARN  no build target for: /Users/liuyingxue/Documents/work/3MI3/h5/h5.sc
2020.10.22 14:16:37 WARN  no build target for: /Users/liuyingxue/Documents/work/3MI3/h5/h5.sc
2020.10.22 14:17:04 WARN  no build target for: /Users/liuyingxue/Documents/work/3MI3/h5/h5.sc
2020.10.22 14:17:07 WARN  no build target for: /Users/liuyingxue/Documents/work/3MI3/h5/h5.sc
2020.10.22 14:17:09 WARN  no build target for: /Users/liuyingxue/Documents/work/3MI3/h5/h5.sc
2020.10.22 14:17:13 WARN  no build target for: /Users/liuyingxue/Documents/work/3MI3/h5/h5.sc
2020.10.22 14:17:16 WARN  no build target for: /Users/liuyingxue/Documents/work/3MI3/h5/h5.sc
2020.10.22 14:17:20 WARN  no build target for: /Users/liuyingxue/Documents/work/3MI3/h5/h5.sc
2020.10.22 14:17:23 WARN  no build target for: /Users/liuyingxue/Documents/work/3MI3/h5/h5.sc
2020.10.22 14:17:51 WARN  no build target for: /Users/liuyingxue/Documents/work/3MI3/h5/h5.sc
2020.10.22 14:31:23 WARN  no build target for: /Users/liuyingxue/Documents/work/3MI3/h5/h5.sc
2020.10.22 14:31:25 WARN  no build target for: /Users/liuyingxue/Documents/work/3MI3/h5/h5.sc
2020.10.22 14:31:29 WARN  no build target for: /Users/liuyingxue/Documents/work/3MI3/h5/h5.sc
2020.10.22 14:31:44 WARN  no build target for: /Users/liuyingxue/Documents/work/3MI3/h5/h5.sc
2020.10.22 14:31:51 WARN  no build target for: /Users/liuyingxue/Documents/work/3MI3/h5/h5.sc
2020.10.22 14:31:53 WARN  no build target for: /Users/liuyingxue/Documents/work/3MI3/h5/h5.sc
2020.10.22 14:32:09 WARN  no build target for: /Users/liuyingxue/Documents/work/3MI3/h5/h5.sc
2020.10.22 14:32:58 WARN  no build target for: /Users/liuyingxue/Documents/work/3MI3/h5/h5.sc
2020.10.22 14:33:01 WARN  no build target for: /Users/liuyingxue/Documents/work/3MI3/h5/h5.sc
2020.10.22 14:33:05 WARN  no build target for: /Users/liuyingxue/Documents/work/3MI3/h5/h5.sc
2020.10.22 14:33:07 WARN  no build target for: /Users/liuyingxue/Documents/work/3MI3/h5/h5.sc
2020.10.22 14:33:28 WARN  no build target for: /Users/liuyingxue/Documents/work/3MI3/h5/h5.sc
2020.10.22 14:33:44 WARN  no build target for: /Users/liuyingxue/Documents/work/3MI3/h5/h5.sc
2020.10.22 14:33:47 WARN  no build target for: /Users/liuyingxue/Documents/work/3MI3/h5/h5.sc
2020.10.22 14:33:49 WARN  no build tool detected in workspace '/Users/liuyingxue/Documents/work/3MI3/h5'. The most common cause for this problem is that the editor was opened in the wrong working directory, for example if you use sbt then the workspace directory should contain build.sbt. 
2020.10.22 14:33:52 WARN  no build target for: /Users/liuyingxue/Documents/work/3MI3/h5/h5.sc
2020.10.22 14:33:54 WARN  no build target for: /Users/liuyingxue/Documents/work/3MI3/h5/h5.sc
2020.10.22 14:33:57 WARN  no build target for: /Users/liuyingxue/Documents/work/3MI3/h5/h5.sc
2020.10.22 14:33:58 WARN  no build target for: /Users/liuyingxue/Documents/work/3MI3/h5/h5.sc
2020.10.22 14:35:11 WARN  no build target for: /Users/liuyingxue/Documents/work/3MI3/h5/h5.sc
2020.10.22 14:35:14 WARN  no build target for: /Users/liuyingxue/Documents/work/3MI3/h5/h5.sc
2020.10.22 14:36:54 WARN  no build target for: /Users/liuyingxue/Documents/work/3MI3/h5/h5.sc
2020.10.22 14:36:58 WARN  no build target for: /Users/liuyingxue/Documents/work/3MI3/h5/h5.sc
2020.10.22 14:39:36 WARN  no build target for: /Users/liuyingxue/Documents/work/3MI3/h5/h5.sc
2020.10.22 14:39:48 WARN  no build target for: /Users/liuyingxue/Documents/work/3MI3/h5/h5.sc
2020.10.22 14:39:52 WARN  no build target for: /Users/liuyingxue/Documents/work/3MI3/h5/h5.sc
2020.10.22 14:40:08 WARN  no build target for: /Users/liuyingxue/Documents/work/3MI3/h5/h5.sc
2020.10.22 14:40:13 WARN  no build target for: /Users/liuyingxue/Documents/work/3MI3/h5/h5.sc
2020.10.22 14:40:25 WARN  no build target for: /Users/liuyingxue/Documents/work/3MI3/h5/h5.sc
2020.10.22 14:40:32 WARN  no build target for: /Users/liuyingxue/Documents/work/3MI3/h5/h5.sc
2020.10.22 14:40:34 WARN  no build target for: /Users/liuyingxue/Documents/work/3MI3/h5/h5.sc
2020.10.22 14:40:36 WARN  no build target for: /Users/liuyingxue/Documents/work/3MI3/h5/h5.sc
2020.10.22 14:40:41 WARN  no build target for: /Users/liuyingxue/Documents/work/3MI3/h5/h5.sc
something's wrong: no file:///Users/liuyingxue/Documents/work/3MI3/h5/h5.sc in List[Int => Boolean]RangePosition(file:///Users/liuyingxue/Documents/work/3MI3/h5/h5.sc, 33, 33, 51)
2020.10.22 14:41:01 WARN  no build target for: /Users/liuyingxue/Documents/work/3MI3/h5/h5.sc
2020.10.22 14:41:06 WARN  no build target for: /Users/liuyingxue/Documents/work/3MI3/h5/h5.sc
2020.10.22 14:41:09 WARN  no build target for: /Users/liuyingxue/Documents/work/3MI3/h5/h5.sc
2020.10.22 14:41:16 WARN  no build target for: /Users/liuyingxue/Documents/work/3MI3/h5/h5.sc
2020.10.22 14:41:18 WARN  no build target for: /Users/liuyingxue/Documents/work/3MI3/h5/h5.sc
2020.10.22 14:41:27 WARN  no build target for: /Users/liuyingxue/Documents/work/3MI3/h5/h5.sc
2020.10.22 14:41:30 WARN  no build target for: /Users/liuyingxue/Documents/work/3MI3/h5/h5.sc
2020.10.22 14:41:33 WARN  no build target for: /Users/liuyingxue/Documents/work/3MI3/h5/h5.sc
2020.10.22 14:43:31 WARN  no build tool detected in workspace '/Users/liuyingxue/Documents/work/3MI3/h5'. The most common cause for this problem is that the editor was opened in the wrong working directory, for example if you use sbt then the workspace directory should contain build.sbt. 
2020.10.22 14:43:51 WARN  no build target for: /Users/liuyingxue/Documents/work/3MI3/h5/h5.sc
2020.10.22 14:43:56 WARN  no build target for: /Users/liuyingxue/Documents/work/3MI3/h5/h5.sc
2020.10.22 14:43:58 WARN  no build target for: /Users/liuyingxue/Documents/work/3MI3/h5/h5.sc
2020.10.22 14:44:01 WARN  no build target for: /Users/liuyingxue/Documents/work/3MI3/h5/h5.sc
2020.10.22 14:44:09 WARN  no build target for: /Users/liuyingxue/Documents/work/3MI3/h5/h5.sc
2020.10.22 14:44:10 WARN  no build target for: /Users/liuyingxue/Documents/work/3MI3/h5/h5.sc
2020.10.22 14:44:34 WARN  no build target for: /Users/liuyingxue/Documents/work/3MI3/h5/h5.sc
2020.10.22 14:44:37 WARN  no build target for: /Users/liuyingxue/Documents/work/3MI3/h5/h5.sc
2020.10.22 14:44:50 WARN  no build target for: /Users/liuyingxue/Documents/work/3MI3/h5/h5.sc
2020.10.22 14:46:57 WARN  no build tool detected in workspace '/Users/liuyingxue/Documents/work/3MI3/h5'. The most common cause for this problem is that the editor was opened in the wrong working directory, for example if you use sbt then the workspace directory should contain build.sbt. 
2020.10.22 14:46:57 WARN  no build tool detected in workspace '/Users/liuyingxue/Documents/work/3MI3/h5'. The most common cause for this problem is that the editor was opened in the wrong working directory, for example if you use sbt then the workspace directory should contain build.sbt. 
2020.10.22 14:47:56 WARN  no build target for: /Users/liuyingxue/Documents/work/3MI3/h5/h5.sc
something's wrong: no file:///Users/liuyingxue/Documents/work/3MI3/h5/h5.sc in <error> => <error>RangePosition(file:///Users/liuyingxue/Documents/work/3MI3/h5/h5.sc, 418, 420, 525)
2020.10.22 14:47:58 WARN  no build target for: /Users/liuyingxue/Documents/work/3MI3/h5/h5.sc
2020.10.22 14:48:08 WARN  no build target for: /Users/liuyingxue/Documents/work/3MI3/h5/h5.sc
2020.10.22 14:48:10 WARN  no build target for: /Users/liuyingxue/Documents/work/3MI3/h5/h5.sc
2020.10.22 14:48:13 WARN  no build target for: /Users/liuyingxue/Documents/work/3MI3/h5/h5.sc
something's wrong: no file:///Users/liuyingxue/Documents/work/3MI3/h5/h5.sc in <error> => <error>RangePosition(file:///Users/liuyingxue/Documents/work/3MI3/h5/h5.sc, 455, 457, 531)
2020.10.22 14:48:16 WARN  no build target for: /Users/liuyingxue/Documents/work/3MI3/h5/h5.sc
2020.10.22 14:48:38 WARN  no build target for: /Users/liuyingxue/Documents/work/3MI3/h5/h5.sc
2020.10.22 14:48:40 WARN  no build target for: /Users/liuyingxue/Documents/work/3MI3/h5/h5.sc
2020.10.22 14:48:42 WARN  no build tool detected in workspace '/Users/liuyingxue/Documents/work/3MI3/h5'. The most common cause for this problem is that the editor was opened in the wrong working directory, for example if you use sbt then the workspace directory should contain build.sbt. 
2020.10.22 14:53:47 WARN  no build target for: /Users/liuyingxue/Documents/work/3MI3/h5/h5.sc
2020.10.22 14:53:51 WARN  no build target for: /Users/liuyingxue/Documents/work/3MI3/h5/h5.sc
2020.10.22 14:54:14 WARN  no build target for: /Users/liuyingxue/Documents/work/3MI3/h5/h5.sc
2020.10.22 14:57:05 WARN  no build target for: /Users/liuyingxue/Documents/work/3MI3/h5/h5.sc
2020.10.22 14:57:07 WARN  no build target for: /Users/liuyingxue/Documents/work/3MI3/h5/h5.sc
2020.10.22 14:57:14 WARN  no build target for: /Users/liuyingxue/Documents/work/3MI3/h5/h5.sc
2020.10.22 14:58:21 WARN  no build target for: /Users/liuyingxue/Documents/work/3MI3/h5/h5.sc
2020.10.22 14:58:36 WARN  no build target for: /Users/liuyingxue/Documents/work/3MI3/h5/h5.sc
2020.10.22 14:58:38 WARN  no build target for: /Users/liuyingxue/Documents/work/3MI3/h5/h5.sc
2020.10.22 15:00:03 WARN  no build target for: /Users/liuyingxue/Documents/work/3MI3/h5/h5.sc
2020.10.22 15:00:40 WARN  no build target for: /Users/liuyingxue/Documents/work/3MI3/h5/h5.sc
2020.10.22 15:00:44 WARN  no build target for: /Users/liuyingxue/Documents/work/3MI3/h5/h5.sc
2020.10.22 15:00:45 WARN  no build target for: /Users/liuyingxue/Documents/work/3MI3/h5/h5.sc
2020.10.22 15:03:06 WARN  no build target for: /Users/liuyingxue/Documents/work/3MI3/h5/h5.sc
2020.10.22 15:03:42 WARN  no build target for: /Users/liuyingxue/Documents/work/3MI3/h5/h5.sc
2020.10.22 15:04:39 WARN  no build target for: /Users/liuyingxue/Documents/work/3MI3/h5/h5.sc
2020.10.22 15:06:30 WARN  no build tool detected in workspace '/Users/liuyingxue/Documents/work/3MI3/h5'. The most common cause for this problem is that the editor was opened in the wrong working directory, for example if you use sbt then the workspace directory should contain build.sbt. 
2020.10.22 15:06:31 WARN  no build target for: /Users/liuyingxue/Documents/work/3MI3/h5/h5.sc
2020.10.22 15:06:39 WARN  no build target for: /Users/liuyingxue/Documents/work/3MI3/h5/h5.sc
2020.10.22 15:09:13 WARN  no build target for: /Users/liuyingxue/Documents/work/3MI3/h5/h5.sc
Oct 22, 2020 3:09:15 PM org.eclipse.lsp4j.jsonrpc.RemoteEndpoint handleCancellation
WARNING: Unmatched cancel notification for request id 1810
2020.10.22 15:09:19 WARN  no build target for: /Users/liuyingxue/Documents/work/3MI3/h5/h5.sc
2020.10.22 15:09:23 WARN  no build target for: /Users/liuyingxue/Documents/work/3MI3/h5/h5.sc
2020.10.22 15:09:26 WARN  no build target for: /Users/liuyingxue/Documents/work/3MI3/h5/h5.sc
2020.10.22 15:09:28 WARN  no build target for: /Users/liuyingxue/Documents/work/3MI3/h5/h5.sc
2020.10.22 15:09:38 WARN  no build target for: /Users/liuyingxue/Documents/work/3MI3/h5/h5.sc
something's wrong: no file:///Users/liuyingxue/Documents/work/3MI3/h5/h5.sc in List[List[Int => Any]]RangePosition(file:///Users/liuyingxue/Documents/work/3MI3/h5/h5.sc, 28, 28, 48)
2020.10.22 15:09:59 WARN  no build tool detected in workspace '/Users/liuyingxue/Documents/work/3MI3/h5'. The most common cause for this problem is that the editor was opened in the wrong working directory, for example if you use sbt then the workspace directory should contain build.sbt. 
2020.10.22 15:10:00 WARN  no build target for: /Users/liuyingxue/Documents/work/3MI3/h5/h5.sc
2020.10.22 15:13:21 WARN  no build target for: /Users/liuyingxue/Documents/work/3MI3/h5/h5.sc
2020.10.22 15:13:24 WARN  no build target for: /Users/liuyingxue/Documents/work/3MI3/h5/h5.sc
2020.10.22 15:14:20 WARN  no build target for: /Users/liuyingxue/Documents/work/3MI3/h5/h5.sc
2020.10.22 15:15:01 WARN  no build target for: /Users/liuyingxue/Documents/work/3MI3/h5/h5.sc
something's wrong: no file:///Users/liuyingxue/Documents/work/3MI3/h5/h5.sc in List[Int]RangePosition(file:///Users/liuyingxue/Documents/work/3MI3/h5/h5.sc, 13, 13, 22)
2020.10.22 15:15:45 WARN  no build target for: /Users/liuyingxue/Documents/work/3MI3/h5/h5.sc
2020.10.22 15:15:47 WARN  no build target for: /Users/liuyingxue/Documents/work/3MI3/h5/h5.sc
2020.10.22 15:15:48 WARN  no build target for: /Users/liuyingxue/Documents/work/3MI3/h5/h5.sc
2020.10.22 15:15:49 WARN  no build target for: /Users/liuyingxue/Documents/work/3MI3/h5/h5.sc
2020.10.22 15:16:18 WARN  no build target for: /Users/liuyingxue/Documents/work/3MI3/h5/h5.sc
2020.10.22 15:17:01 WARN  no build target for: /Users/liuyingxue/Documents/work/3MI3/h5/h5.sc
2020.10.22 15:17:08 WARN  no build target for: /Users/liuyingxue/Documents/work/3MI3/h5/h5.sc
2020.10.22 15:17:10 WARN  no build target for: /Users/liuyingxue/Documents/work/3MI3/h5/h5.sc
2020.10.22 15:17:43 WARN  no build target for: /Users/liuyingxue/Documents/work/3MI3/h5/h5.sc
2020.10.22 15:17:59 WARN  no build target for: /Users/liuyingxue/Documents/work/3MI3/h5/h5.sc
2020.10.22 15:18:01 WARN  no build target for: /Users/liuyingxue/Documents/work/3MI3/h5/h5.sc
2020.10.22 15:19:24 WARN  no build target for: /Users/liuyingxue/Documents/work/3MI3/h5/h5.sc
Oct 22, 2020 3:19:25 PM org.eclipse.lsp4j.jsonrpc.RemoteEndpoint handleCancellation
WARNING: Unmatched cancel notification for request id 2185
2020.10.22 15:19:26 WARN  no build target for: /Users/liuyingxue/Documents/work/3MI3/h5/h5.sc
2020.10.22 15:19:30 WARN  no build target for: /Users/liuyingxue/Documents/work/3MI3/h5/h5.sc
2020.10.22 15:19:40 WARN  no build target for: /Users/liuyingxue/Documents/work/3MI3/h5/h5.sc
Oct 22, 2020 3:19:55 PM org.eclipse.lsp4j.jsonrpc.RemoteEndpoint handleCancellation
WARNING: Unmatched cancel notification for request id 2222
2020.10.22 15:19:56 WARN  no build target for: /Users/liuyingxue/Documents/work/3MI3/h5/h5.sc
2020.10.22 15:19:58 WARN  no build target for: /Users/liuyingxue/Documents/work/3MI3/h5/h5.sc
2020.10.22 15:21:00 WARN  no build target for: /Users/liuyingxue/Documents/work/3MI3/h5/h5.sc
2020.10.22 15:21:04 WARN  no build target for: /Users/liuyingxue/Documents/work/3MI3/h5/h5.sc
2020.10.22 15:21:06 WARN  no build target for: /Users/liuyingxue/Documents/work/3MI3/h5/h5.sc
2020.10.22 15:21:37 WARN  no build tool detected in workspace '/Users/liuyingxue/Documents/work/3MI3/h5'. The most common cause for this problem is that the editor was opened in the wrong working directory, for example if you use sbt then the workspace directory should contain build.sbt. 
2020.10.22 15:21:38 WARN  no build target for: /Users/liuyingxue/Documents/work/3MI3/h5/h5.sc
2020.10.22 15:21:43 WARN  no build tool detected in workspace '/Users/liuyingxue/Documents/work/3MI3/h5'. The most common cause for this problem is that the editor was opened in the wrong working directory, for example if you use sbt then the workspace directory should contain build.sbt. 
2020.10.22 15:21:45 WARN  no build target for: /Users/liuyingxue/Documents/work/3MI3/h5/h5.sc
2020.10.22 15:22:42 WARN  no build target for: /Users/liuyingxue/Documents/work/3MI3/h5/h5.sc
2020.10.22 15:23:12 WARN  no build target for: /Users/liuyingxue/Documents/work/3MI3/h5/h5.sc
2020.10.22 15:24:02 WARN  no build target for: /Users/liuyingxue/Documents/work/3MI3/h5/h5.sc
2020.10.22 15:24:09 WARN  no build target for: /Users/liuyingxue/Documents/work/3MI3/h5/h5.sc
2020.10.22 15:24:36 WARN  no build target for: /Users/liuyingxue/Documents/work/3MI3/h5/h5.sc
2020.10.22 15:24:38 WARN  no build target for: /Users/liuyingxue/Documents/work/3MI3/h5/h5.sc
2020.10.22 15:25:58 WARN  no build target for: /Users/liuyingxue/Documents/work/3MI3/h5/h5.sc
2020.10.22 15:26:05 WARN  no build target for: /Users/liuyingxue/Documents/work/3MI3/h5/h5.sc
2020.10.22 15:26:44 WARN  no build target for: /Users/liuyingxue/Documents/work/3MI3/h5/h5.sc
2020.10.22 15:26:55 WARN  no build target for: /Users/liuyingxue/Documents/work/3MI3/h5/h5.sc
2020.10.22 15:27:01 WARN  no build target for: /Users/liuyingxue/Documents/work/3MI3/h5/h5.sc
something's wrong: no file:///Users/liuyingxue/Documents/work/3MI3/h5/h5.sc in List[List[Int => Any]]RangePosition(file:///Users/liuyingxue/Documents/work/3MI3/h5/h5.sc, 60, 60, 80)
2020.10.22 15:28:29 WARN  no build target for: /Users/liuyingxue/Documents/work/3MI3/h5/h5.sc
2020.10.22 15:28:30 WARN  no build target for: /Users/liuyingxue/Documents/work/3MI3/h5/h5.sc
2020.10.22 15:29:17 WARN  no build tool detected in workspace '/Users/liuyingxue/Documents/work/3MI3/h5'. The most common cause for this problem is that the editor was opened in the wrong working directory, for example if you use sbt then the workspace directory should contain build.sbt. 
2020.10.22 15:29:19 WARN  no build target for: /Users/liuyingxue/Documents/work/3MI3/h5/h5.sc
2020.10.22 15:29:19 WARN  no build tool detected in workspace '/Users/liuyingxue/Documents/work/3MI3/h5'. The most common cause for this problem is that the editor was opened in the wrong working directory, for example if you use sbt then the workspace directory should contain build.sbt. 
2020.10.22 15:29:21 WARN  no build target for: /Users/liuyingxue/Documents/work/3MI3/h5/h5.sc
2020.10.22 15:29:57 WARN  no build target for: /Users/liuyingxue/Documents/work/3MI3/h5/h5.sc
2020.10.22 15:30:04 WARN  no build tool detected in workspace '/Users/liuyingxue/Documents/work/3MI3/h5'. The most common cause for this problem is that the editor was opened in the wrong working directory, for example if you use sbt then the workspace directory should contain build.sbt. 
2020.10.22 15:30:05 WARN  no build target for: /Users/liuyingxue/Documents/work/3MI3/h5/h5.sc
2020.10.22 15:30:21 WARN  no build target for: /Users/liuyingxue/Documents/work/3MI3/h5/h5.sc
2020.10.22 15:30:24 WARN  no build target for: /Users/liuyingxue/Documents/work/3MI3/h5/h5.sc
2020.10.22 15:30:35 WARN  no build target for: /Users/liuyingxue/Documents/work/3MI3/h5/h5.sc
2020.10.22 15:30:38 WARN  no build target for: /Users/liuyingxue/Documents/work/3MI3/h5/h5.sc
2020.10.22 15:30:42 WARN  no build target for: /Users/liuyingxue/Documents/work/3MI3/h5/h5.sc
2020.10.22 15:30:44 WARN  no build target for: /Users/liuyingxue/Documents/work/3MI3/h5/h5.sc
2020.10.22 15:30:45 WARN  no build target for: /Users/liuyingxue/Documents/work/3MI3/h5/h5.sc
2020.10.22 15:30:48 WARN  no build target for: /Users/liuyingxue/Documents/work/3MI3/h5/h5.sc
2020.10.22 15:30:51 WARN  no build target for: /Users/liuyingxue/Documents/work/3MI3/h5/h5.sc
2020.10.22 15:30:53 WARN  no build target for: /Users/liuyingxue/Documents/work/3MI3/h5/h5.sc
2020.10.22 15:30:55 WARN  no build target for: /Users/liuyingxue/Documents/work/3MI3/h5/h5.sc
2020.10.22 15:30:57 WARN  no build target for: /Users/liuyingxue/Documents/work/3MI3/h5/h5.sc
2020.10.22 15:31:09 WARN  no build target for: /Users/liuyingxue/Documents/work/3MI3/h5/h5.sc
2020.10.22 15:31:10 WARN  no build target for: /Users/liuyingxue/Documents/work/3MI3/h5/h5.sc
2020.10.22 15:31:13 WARN  no build target for: /Users/liuyingxue/Documents/work/3MI3/h5/h5.sc
2020.10.22 15:31:15 WARN  no build tool detected in workspace '/Users/liuyingxue/Documents/work/3MI3/h5'. The most common cause for this problem is that the editor was opened in the wrong working directory, for example if you use sbt then the workspace directory should contain build.sbt. 
2020.10.22 15:31:18 WARN  no build target for: /Users/liuyingxue/Documents/work/3MI3/h5/h5.sc
2020.10.22 15:31:29 WARN  no build target for: /Users/liuyingxue/Documents/work/3MI3/h5/h5.sc
2020.10.22 15:31:31 WARN  no build target for: /Users/liuyingxue/Documents/work/3MI3/h5/h5.sc
something's wrong: no file:///Users/liuyingxue/Documents/work/3MI3/h5/h5.sc in List[Int => Any]RangePosition(file:///Users/liuyingxue/Documents/work/3MI3/h5/h5.sc, 65, 65, 79)
2020.10.22 15:31:50 WARN  no build target for: /Users/liuyingxue/Documents/work/3MI3/h5/h5.sc
2020.10.22 15:32:36 WARN  no build target for: /Users/liuyingxue/Documents/work/3MI3/h5/h5.sc
2020.10.22 15:32:37 WARN  no build target for: /Users/liuyingxue/Documents/work/3MI3/h5/h5.sc
2020.10.22 15:33:44 WARN  no build target for: /Users/liuyingxue/Documents/work/3MI3/h5/h5.sc
2020.10.22 15:34:37 WARN  no build target for: /Users/liuyingxue/Documents/work/3MI3/h5/h5.sc
2020.10.22 15:34:39 WARN  no build target for: /Users/liuyingxue/Documents/work/3MI3/h5/h5.sc
2020.10.22 15:34:42 WARN  no build target for: /Users/liuyingxue/Documents/work/3MI3/h5/h5.sc
2020.10.22 15:34:47 WARN  no build target for: /Users/liuyingxue/Documents/work/3MI3/h5/h5.sc
2020.10.22 15:34:50 WARN  no build target for: /Users/liuyingxue/Documents/work/3MI3/h5/h5.sc
2020.10.22 15:37:24 WARN  no build target for: /Users/liuyingxue/Documents/work/3MI3/h5/h5.sc
2020.10.22 15:37:27 WARN  no build target for: /Users/liuyingxue/Documents/work/3MI3/h5/h5.sc
2020.10.22 15:37:30 WARN  no build target for: /Users/liuyingxue/Documents/work/3MI3/h5/h5.sc
2020.10.22 15:37:31 WARN  no build target for: /Users/liuyingxue/Documents/work/3MI3/h5/h5.sc
2020.10.22 15:37:34 WARN  no build target for: /Users/liuyingxue/Documents/work/3MI3/h5/h5.sc
2020.10.22 15:38:17 WARN  no build target for: /Users/liuyingxue/Documents/work/3MI3/h5/h5.sc
2020.10.22 15:38:18 WARN  no build tool detected in workspace '/Users/liuyingxue/Documents/work/3MI3/h5'. The most common cause for this problem is that the editor was opened in the wrong working directory, for example if you use sbt then the workspace directory should contain build.sbt. 
2020.10.22 15:38:18 WARN  no build tool detected in workspace '/Users/liuyingxue/Documents/work/3MI3/h5'. The most common cause for this problem is that the editor was opened in the wrong working directory, for example if you use sbt then the workspace directory should contain build.sbt. 
2020.10.22 15:38:20 WARN  no build target for: /Users/liuyingxue/Documents/work/3MI3/h5/h5.sc
2020.10.22 15:38:29 WARN  no build tool detected in workspace '/Users/liuyingxue/Documents/work/3MI3/h5'. The most common cause for this problem is that the editor was opened in the wrong working directory, for example if you use sbt then the workspace directory should contain build.sbt. 
2020.10.22 15:38:31 WARN  no build target for: /Users/liuyingxue/Documents/work/3MI3/h5/h5.sc
2020.10.22 15:38:35 WARN  no build target for: /Users/liuyingxue/Documents/work/3MI3/h5/h5.sc
something's wrong: no file:///Users/liuyingxue/Documents/work/3MI3/h5/h5.sc in List[List[Int => Any]]RangePosition(file:///Users/liuyingxue/Documents/work/3MI3/h5/h5.sc, 134, 134, 154)
2020.10.22 15:39:25 WARN  no build target for: /Users/liuyingxue/Documents/work/3MI3/h5/h5.sc
2020.10.22 15:39:28 WARN  no build target for: /Users/liuyingxue/Documents/work/3MI3/h5/h5.sc
2020.10.22 15:39:50 WARN  no build target for: /Users/liuyingxue/Documents/work/3MI3/h5/h5.sc
2020.10.22 15:39:51 WARN  no build target for: /Users/liuyingxue/Documents/work/3MI3/h5/h5.sc
something's wrong: no file:///Users/liuyingxue/Documents/work/3MI3/h5/h5.sc in List[Int => Any]RangePosition(file:///Users/liuyingxue/Documents/work/3MI3/h5/h5.sc, 179, 179, 193)
something's wrong: no file:///Users/liuyingxue/Documents/work/3MI3/h5/h5.sc in List[Int => Any]RangePosition(file:///Users/liuyingxue/Documents/work/3MI3/h5/h5.sc, 179, 179, 193)
2020.10.22 15:40:28 WARN  no build target for: /Users/liuyingxue/Documents/work/3MI3/h5/h5.sc
2020.10.22 15:40:32 WARN  no build target for: /Users/liuyingxue/Documents/work/3MI3/h5/h5.sc
2020.10.22 15:40:35 WARN  no build target for: /Users/liuyingxue/Documents/work/3MI3/h5/h5.sc
2020.10.22 15:40:39 WARN  no build target for: /Users/liuyingxue/Documents/work/3MI3/h5/h5.sc
2020.10.22 15:40:48 WARN  no build tool detected in workspace '/Users/liuyingxue/Documents/work/3MI3/h5'. The most common cause for this problem is that the editor was opened in the wrong working directory, for example if you use sbt then the workspace directory should contain build.sbt. 
2020.10.22 15:40:49 WARN  no build target for: /Users/liuyingxue/Documents/work/3MI3/h5/h5.sc
2020.10.22 15:41:39 WARN  no build target for: /Users/liuyingxue/Documents/work/3MI3/h5/h5.sc
2020.10.22 15:41:41 WARN  no build target for: /Users/liuyingxue/Documents/work/3MI3/h5/h5.sc
2020.10.22 15:41:43 WARN  no build target for: /Users/liuyingxue/Documents/work/3MI3/h5/h5.sc
2020.10.22 15:41:45 WARN  no build target for: /Users/liuyingxue/Documents/work/3MI3/h5/h5.sc
2020.10.22 15:41:48 WARN  no build target for: /Users/liuyingxue/Documents/work/3MI3/h5/h5.sc
2020.10.22 15:41:50 WARN  no build target for: /Users/liuyingxue/Documents/work/3MI3/h5/h5.sc
2020.10.22 15:42:32 WARN  no build target for: /Users/liuyingxue/Documents/work/3MI3/h5/h5.sc
2020.10.22 15:42:36 WARN  no build target for: /Users/liuyingxue/Documents/work/3MI3/h5/h5.sc
2020.10.22 15:42:49 WARN  no build target for: /Users/liuyingxue/Documents/work/3MI3/h5/h5.sc
2020.10.22 15:42:53 WARN  no build target for: /Users/liuyingxue/Documents/work/3MI3/h5/h5.sc
2020.10.22 15:42:57 WARN  no build target for: /Users/liuyingxue/Documents/work/3MI3/h5/h5.sc
something's wrong: no file:///Users/liuyingxue/Documents/work/3MI3/h5/h5.sc in List[List[Int => Any]]RangePosition(file:///Users/liuyingxue/Documents/work/3MI3/h5/h5.sc, 146, 146, 166)
2020.10.22 15:42:58 WARN  no build target for: /Users/liuyingxue/Documents/work/3MI3/h5/h5.sc
2020.10.22 15:43:03 WARN  no build target for: /Users/liuyingxue/Documents/work/3MI3/h5/h5.sc
2020.10.22 15:43:05 WARN  no build target for: /Users/liuyingxue/Documents/work/3MI3/h5/h5.sc
2020.10.22 15:43:07 WARN  no build target for: /Users/liuyingxue/Documents/work/3MI3/h5/h5.sc
2020.10.22 15:43:11 WARN  no build target for: /Users/liuyingxue/Documents/work/3MI3/h5/h5.sc
2020.10.22 15:43:17 WARN  no build target for: /Users/liuyingxue/Documents/work/3MI3/h5/h5.sc
2020.10.22 15:43:20 WARN  no build target for: /Users/liuyingxue/Documents/work/3MI3/h5/h5.sc
2020.10.22 15:43:22 WARN  no build target for: /Users/liuyingxue/Documents/work/3MI3/h5/h5.sc
2020.10.22 15:43:27 WARN  no build target for: /Users/liuyingxue/Documents/work/3MI3/h5/h5.sc
2020.10.22 15:43:31 WARN  no build target for: /Users/liuyingxue/Documents/work/3MI3/h5/h5.sc
2020.10.22 15:43:38 WARN  no build target for: /Users/liuyingxue/Documents/work/3MI3/h5/h5.sc
Oct 22, 2020 3:43:39 PM org.eclipse.lsp4j.jsonrpc.RemoteEndpoint handleCancellation
WARNING: Unmatched cancel notification for request id 3454
2020.10.22 15:43:41 WARN  no build target for: /Users/liuyingxue/Documents/work/3MI3/h5/h5.sc
2020.10.22 15:43:42 WARN  no build target for: /Users/liuyingxue/Documents/work/3MI3/h5/h5.sc
2020.10.22 15:43:46 WARN  no build target for: /Users/liuyingxue/Documents/work/3MI3/h5/h5.sc
2020.10.22 15:43:50 WARN  no build target for: /Users/liuyingxue/Documents/work/3MI3/h5/h5.sc
2020.10.22 15:43:51 WARN  no build target for: /Users/liuyingxue/Documents/work/3MI3/h5/h5.sc
2020.10.22 15:44:16 WARN  no build target for: /Users/liuyingxue/Documents/work/3MI3/h5/h5.sc
2020.10.22 15:44:26 WARN  no build target for: /Users/liuyingxue/Documents/work/3MI3/h5/h5.sc
2020.10.22 15:44:29 WARN  no build target for: /Users/liuyingxue/Documents/work/3MI3/h5/h5.sc
2020.10.22 15:44:40 WARN  no build target for: /Users/liuyingxue/Documents/work/3MI3/h5/h5.sc
2020.10.22 15:44:41 WARN  no build target for: /Users/liuyingxue/Documents/work/3MI3/h5/h5.sc
2020.10.22 15:44:50 WARN  no build target for: /Users/liuyingxue/Documents/work/3MI3/h5/h5.sc
2020.10.22 15:44:54 WARN  no build target for: /Users/liuyingxue/Documents/work/3MI3/h5/h5.sc
2020.10.22 15:44:58 WARN  no build target for: /Users/liuyingxue/Documents/work/3MI3/h5/h5.sc
2020.10.22 15:45:03 WARN  no build target for: /Users/liuyingxue/Documents/work/3MI3/h5/h5.sc
2020.10.22 15:45:04 WARN  no build target for: /Users/liuyingxue/Documents/work/3MI3/h5/h5.sc
2020.10.22 15:45:16 WARN  no build target for: /Users/liuyingxue/Documents/work/3MI3/h5/h5.sc
Oct 22, 2020 3:45:22 PM org.eclipse.lsp4j.jsonrpc.RemoteEndpoint handleCancellation
WARNING: Unmatched cancel notification for request id 3636
2020.10.22 15:45:24 WARN  no build target for: /Users/liuyingxue/Documents/work/3MI3/h5/h5.sc
2020.10.22 15:45:30 WARN  no build target for: /Users/liuyingxue/Documents/work/3MI3/h5/h5.sc
2020.10.22 15:45:31 WARN  no build target for: /Users/liuyingxue/Documents/work/3MI3/h5/h5.sc
2020.10.22 15:45:41 WARN  no build target for: /Users/liuyingxue/Documents/work/3MI3/h5/h5.sc
2020.10.22 15:45:50 WARN  no build target for: /Users/liuyingxue/Documents/work/3MI3/h5/h5.sc
2020.10.22 15:45:59 WARN  no build target for: /Users/liuyingxue/Documents/work/3MI3/h5/h5.sc
2020.10.22 15:46:04 WARN  no build target for: /Users/liuyingxue/Documents/work/3MI3/h5/h5.sc
2020.10.22 15:46:15 WARN  no build target for: /Users/liuyingxue/Documents/work/3MI3/h5/h5.sc
2020.10.22 15:46:31 WARN  no build target for: /Users/liuyingxue/Documents/work/3MI3/h5/h5.sc
2020.10.22 15:46:38 WARN  no build target for: /Users/liuyingxue/Documents/work/3MI3/h5/h5.sc
2020.10.22 15:46:41 WARN  no build target for: /Users/liuyingxue/Documents/work/3MI3/h5/h5.sc
2020.10.22 15:46:55 WARN  no build target for: /Users/liuyingxue/Documents/work/3MI3/h5/h5.sc
2020.10.22 15:47:02 WARN  no build target for: /Users/liuyingxue/Documents/work/3MI3/h5/h5.sc
2020.10.22 15:47:09 WARN  no build target for: /Users/liuyingxue/Documents/work/3MI3/h5/h5.sc
2020.10.22 15:47:13 WARN  no build target for: /Users/liuyingxue/Documents/work/3MI3/h5/h5.sc
2020.10.22 15:47:15 WARN  no build target for: /Users/liuyingxue/Documents/work/3MI3/h5/h5.sc
2020.10.22 15:47:17 WARN  no build target for: /Users/liuyingxue/Documents/work/3MI3/h5/h5.sc
2020.10.22 15:47:23 WARN  no build target for: /Users/liuyingxue/Documents/work/3MI3/h5/h5.sc
2020.10.22 15:47:24 WARN  no build target for: /Users/liuyingxue/Documents/work/3MI3/h5/h5.sc
2020.10.22 15:47:30 WARN  no build target for: /Users/liuyingxue/Documents/work/3MI3/h5/h5.sc
2020.10.22 15:48:18 WARN  no build target for: /Users/liuyingxue/Documents/work/3MI3/h5/h5.sc
2020.10.22 15:48:27 WARN  no build target for: /Users/liuyingxue/Documents/work/3MI3/h5/h5.sc
2020.10.22 15:48:30 WARN  no build target for: /Users/liuyingxue/Documents/work/3MI3/h5/h5.sc
Oct 22, 2020 3:48:31 PM org.eclipse.lsp4j.jsonrpc.RemoteEndpoint handleCancellation
WARNING: Unmatched cancel notification for request id 4064
2020.10.22 15:48:32 WARN  no build target for: /Users/liuyingxue/Documents/work/3MI3/h5/h5.sc
2020.10.22 15:48:47 WARN  no build target for: /Users/liuyingxue/Documents/work/3MI3/h5/h5.sc
2020.10.22 15:48:49 WARN  no build target for: /Users/liuyingxue/Documents/work/3MI3/h5/h5.sc
2020.10.22 15:49:04 WARN  no build target for: /Users/liuyingxue/Documents/work/3MI3/h5/h5.sc
2020.10.22 15:49:13 WARN  no build target for: /Users/liuyingxue/Documents/work/3MI3/h5/h5.sc
2020.10.22 15:49:17 WARN  no build target for: /Users/liuyingxue/Documents/work/3MI3/h5/h5.sc
2020.10.22 15:49:24 WARN  no build target for: /Users/liuyingxue/Documents/work/3MI3/h5/h5.sc
2020.10.22 15:49:27 WARN  no build target for: /Users/liuyingxue/Documents/work/3MI3/h5/h5.sc
2020.10.22 15:49:33 WARN  no build target for: /Users/liuyingxue/Documents/work/3MI3/h5/h5.sc
2020.10.22 15:49:39 WARN  no build target for: /Users/liuyingxue/Documents/work/3MI3/h5/h5.sc
2020.10.22 15:49:47 WARN  no build target for: /Users/liuyingxue/Documents/work/3MI3/h5/h5.sc
2020.10.22 15:49:49 WARN  no build target for: /Users/liuyingxue/Documents/work/3MI3/h5/h5.sc
2020.10.22 15:49:53 WARN  no build target for: /Users/liuyingxue/Documents/work/3MI3/h5/h5.sc
2020.10.22 15:49:54 WARN  no build target for: /Users/liuyingxue/Documents/work/3MI3/h5/h5.sc
2020.10.22 15:49:57 WARN  no build target for: /Users/liuyingxue/Documents/work/3MI3/h5/h5.sc
2020.10.22 15:50:00 WARN  no build target for: /Users/liuyingxue/Documents/work/3MI3/h5/h5.sc
2020.10.22 15:50:11 WARN  no build target for: /Users/liuyingxue/Documents/work/3MI3/h5/h5.sc
2020.10.22 15:50:13 WARN  no build target for: /Users/liuyingxue/Documents/work/3MI3/h5/h5.sc
2020.10.22 15:50:17 WARN  no build target for: /Users/liuyingxue/Documents/work/3MI3/h5/h5.sc
2020.10.22 15:50:20 WARN  no build target for: /Users/liuyingxue/Documents/work/3MI3/h5/h5.sc
2020.10.22 15:50:23 WARN  no build target for: /Users/liuyingxue/Documents/work/3MI3/h5/h5.sc
2020.10.22 15:50:25 WARN  no build target for: /Users/liuyingxue/Documents/work/3MI3/h5/h5.sc
2020.10.22 15:50:26 WARN  no build target for: /Users/liuyingxue/Documents/work/3MI3/h5/h5.sc
Oct 22, 2020 3:50:39 PM org.eclipse.lsp4j.jsonrpc.RemoteEndpoint handleCancellation
WARNING: Unmatched cancel notification for request id 4359
2020.10.22 15:50:51 WARN  no build target for: /Users/liuyingxue/Documents/work/3MI3/h5/h5.sc
Oct 22, 2020 3:50:56 PM org.eclipse.lsp4j.jsonrpc.RemoteEndpoint handleCancellation
WARNING: Unmatched cancel notification for request id 4418
Oct 22, 2020 3:50:57 PM org.eclipse.lsp4j.jsonrpc.RemoteEndpoint handleCancellation
WARNING: Unmatched cancel notification for request id 4419
2020.10.22 15:51:01 WARN  no build target for: /Users/liuyingxue/Documents/work/3MI3/h5/h5.sc
2020.10.22 15:51:08 WARN  no build target for: /Users/liuyingxue/Documents/work/3MI3/h5/h5.sc
2020.10.22 15:51:15 WARN  no build target for: /Users/liuyingxue/Documents/work/3MI3/h5/h5.sc
2020.10.22 15:51:19 WARN  no build target for: /Users/liuyingxue/Documents/work/3MI3/h5/h5.sc
2020.10.22 15:51:20 WARN  no build target for: /Users/liuyingxue/Documents/work/3MI3/h5/h5.sc
2020.10.22 15:51:26 WARN  no build target for: /Users/liuyingxue/Documents/work/3MI3/h5/h5.sc
2020.10.22 15:51:28 WARN  no build target for: /Users/liuyingxue/Documents/work/3MI3/h5/h5.sc
2020.10.22 15:51:33 WARN  no build target for: /Users/liuyingxue/Documents/work/3MI3/h5/h5.sc
2020.10.22 15:51:36 WARN  no build target for: /Users/liuyingxue/Documents/work/3MI3/h5/h5.sc
2020.10.22 15:51:54 WARN  no build target for: /Users/liuyingxue/Documents/work/3MI3/h5/h5.sc
Oct 22, 2020 3:52:08 PM org.eclipse.lsp4j.jsonrpc.RemoteEndpoint handleCancellation
WARNING: Unmatched cancel notification for request id 4547
2020.10.22 15:52:13 WARN  no build target for: /Users/liuyingxue/Documents/work/3MI3/h5/h5.sc
2020.10.22 15:52:15 WARN  no build target for: /Users/liuyingxue/Documents/work/3MI3/h5/h5.sc
something's wrong: no file:///Users/liuyingxue/Documents/work/3MI3/h5/h5.sc in List[Int]RangePosition(file:///Users/liuyingxue/Documents/work/3MI3/h5/h5.sc, 287, 287, 296)
Oct 22, 2020 3:52:38 PM org.eclipse.lsp4j.jsonrpc.RemoteEndpoint handleCancellation
WARNING: Unmatched cancel notification for request id 4590
Oct 22, 2020 3:52:41 PM org.eclipse.lsp4j.jsonrpc.RemoteEndpoint handleCancellation
WARNING: Unmatched cancel notification for request id 4602
2020.10.22 15:52:46 WARN  no build target for: /Users/liuyingxue/Documents/work/3MI3/h5/h5.sc
something's wrong: no file:///Users/liuyingxue/Documents/work/3MI3/h5/h5.sc in List[Int]RangePosition(file:///Users/liuyingxue/Documents/work/3MI3/h5/h5.sc, 296, 296, 305)
2020.10.22 15:52:47 WARN  no build target for: /Users/liuyingxue/Documents/work/3MI3/h5/h5.sc
2020.10.22 15:52:50 WARN  no build target for: /Users/liuyingxue/Documents/work/3MI3/h5/h5.sc
2020.10.22 15:52:56 WARN  no build target for: /Users/liuyingxue/Documents/work/3MI3/h5/h5.sc
2020.10.22 15:53:09 WARN  no build target for: /Users/liuyingxue/Documents/work/3MI3/h5/h5.sc
2020.10.22 15:53:16 WARN  no build target for: /Users/liuyingxue/Documents/work/3MI3/h5/h5.sc
Oct 22, 2020 3:53:23 PM org.eclipse.lsp4j.jsonrpc.RemoteEndpoint handleCancellation
WARNING: Unmatched cancel notification for request id 4695
2020.10.22 15:53:24 WARN  no build target for: /Users/liuyingxue/Documents/work/3MI3/h5/h5.sc
2020.10.22 15:53:27 WARN  no build tool detected in workspace '/Users/liuyingxue/Documents/work/3MI3/h5'. The most common cause for this problem is that the editor was opened in the wrong working directory, for example if you use sbt then the workspace directory should contain build.sbt. 
2020.10.22 15:53:27 WARN  no build tool detected in workspace '/Users/liuyingxue/Documents/work/3MI3/h5'. The most common cause for this problem is that the editor was opened in the wrong working directory, for example if you use sbt then the workspace directory should contain build.sbt. 
2020.10.22 15:53:30 WARN  no build target for: /Users/liuyingxue/Documents/work/3MI3/h5/h5.sc
Oct 22, 2020 3:53:43 PM org.eclipse.lsp4j.jsonrpc.RemoteEndpoint handleCancellation
WARNING: Unmatched cancel notification for request id 4738
2020.10.22 15:53:46 WARN  no build target for: /Users/liuyingxue/Documents/work/3MI3/h5/h5.sc
2020.10.22 15:53:48 WARN  no build target for: /Users/liuyingxue/Documents/work/3MI3/h5/h5.sc
2020.10.22 15:53:52 WARN  no build target for: /Users/liuyingxue/Documents/work/3MI3/h5/h5.sc
2020.10.22 15:53:54 WARN  no build target for: /Users/liuyingxue/Documents/work/3MI3/h5/h5.sc
2020.10.22 15:54:11 WARN  no build target for: /Users/liuyingxue/Documents/work/3MI3/h5/h5.sc
2020.10.22 15:54:16 WARN  no build target for: /Users/liuyingxue/Documents/work/3MI3/h5/h5.sc
2020.10.22 15:54:19 WARN  no build target for: /Users/liuyingxue/Documents/work/3MI3/h5/h5.sc
2020.10.22 15:54:22 WARN  no build target for: /Users/liuyingxue/Documents/work/3MI3/h5/h5.sc
2020.10.22 15:54:23 WARN  no build target for: /Users/liuyingxue/Documents/work/3MI3/h5/h5.sc
2020.10.22 15:54:54 WARN  no build target for: /Users/liuyingxue/Documents/work/3MI3/h5/h5.sc
2020.10.22 15:55:00 WARN  no build target for: /Users/liuyingxue/Documents/work/3MI3/h5/h5.sc
2020.10.22 15:55:02 WARN  no build target for: /Users/liuyingxue/Documents/work/3MI3/h5/h5.sc
2020.10.22 15:55:21 WARN  no build target for: /Users/liuyingxue/Documents/work/3MI3/h5/h5.sc
2020.10.22 15:55:29 WARN  no build target for: /Users/liuyingxue/Documents/work/3MI3/h5/h5.sc
2020.10.22 15:55:41 WARN  no build target for: /Users/liuyingxue/Documents/work/3MI3/h5/h5.sc
2020.10.22 15:55:43 WARN  no build target for: /Users/liuyingxue/Documents/work/3MI3/h5/h5.sc
2020.10.22 15:55:46 WARN  no build target for: /Users/liuyingxue/Documents/work/3MI3/h5/h5.sc
something's wrong: no file:///Users/liuyingxue/Documents/work/3MI3/h5/h5.sc in List[Int => Any]RangePosition(file:///Users/liuyingxue/Documents/work/3MI3/h5/h5.sc, 590, 590, 604)
2020.10.22 15:56:06 WARN  no build target for: /Users/liuyingxue/Documents/work/3MI3/h5/h5.sc
2020.10.22 15:56:24 WARN  no build target for: /Users/liuyingxue/Documents/work/3MI3/h5/h5.sc
Oct 22, 2020 3:56:41 PM org.eclipse.lsp4j.jsonrpc.RemoteEndpoint handleCancellation
WARNING: Unmatched cancel notification for request id 5010
Oct 22, 2020 3:56:42 PM org.eclipse.lsp4j.jsonrpc.RemoteEndpoint handleCancellation
WARNING: Unmatched cancel notification for request id 5015
Oct 22, 2020 3:56:43 PM org.eclipse.lsp4j.jsonrpc.RemoteEndpoint handleCancellation
WARNING: Unmatched cancel notification for request id 5021
2020.10.22 15:56:46 WARN  no build target for: /Users/liuyingxue/Documents/work/3MI3/h5/h5.sc
2020.10.22 15:56:51 WARN  no build target for: /Users/liuyingxue/Documents/work/3MI3/h5/h5.sc
2020.10.22 15:56:53 WARN  no build target for: /Users/liuyingxue/Documents/work/3MI3/h5/h5.sc
2020.10.22 15:56:56 WARN  no build target for: /Users/liuyingxue/Documents/work/3MI3/h5/h5.sc
2020.10.22 15:57:02 WARN  no build target for: /Users/liuyingxue/Documents/work/3MI3/h5/h5.sc
2020.10.22 15:57:04 WARN  no build target for: /Users/liuyingxue/Documents/work/3MI3/h5/h5.sc
2020.10.22 15:57:07 WARN  no build target for: /Users/liuyingxue/Documents/work/3MI3/h5/h5.sc
2020.10.22 22:10:35 INFO  shutting down Metals
2020.10.25 20:17:55 INFO  started: Metals version 0.9.3+82-189ba64a-SNAPSHOT in workspace '/Users/liuyingxue/Documents/work/3MI3/h5' for client vscode.
2020.10.25 20:17:57 INFO  time: initialize in 2.41s
2020.10.25 20:17:58 WARN  no build tool detected in workspace '/Users/liuyingxue/Documents/work/3MI3/h5'. The most common cause for this problem is that the editor was opened in the wrong working directory, for example if you use sbt then the workspace directory should contain build.sbt. 
2020.10.25 20:18:02 INFO  no build target: using presentation compiler with only scala-library
2020.10.25 20:18:02 WARN  no build target for: /Users/liuyingxue/Documents/work/3MI3/h5/h5.sc
java.lang.NullPointerException
	at scala.meta.internal.metals.ammonite.Ammonite.$anonfun$maybeImport$3(Ammonite.scala:207)
	at scala.meta.internal.metals.ammonite.Ammonite.$anonfun$maybeImport$3$adapted(Ammonite.scala:204)
	at scala.concurrent.impl.CallbackRunnable.run(Promise.scala:64)
	at java.base/java.util.concurrent.ThreadPoolExecutor.runWorker(ThreadPoolExecutor.java:1128)
	at java.base/java.util.concurrent.ThreadPoolExecutor$Worker.run(ThreadPoolExecutor.java:628)
	at java.base/java.lang.Thread.run(Thread.java:830)
2020.10.25 20:22:24 INFO  shutting down Metals
