2020.10.21 12:04:24 INFO  started: Metals version 0.9.3+82-189ba64a-SNAPSHOT in workspace '/Users/liuyingxue/Documents/work/3MI3/liuy363/a1' for client vscode.
2020.10.21 12:04:28 INFO  time: initialize in 3.78s
2020.10.21 12:04:30 WARN  no build tool detected in workspace '/Users/liuyingxue/Documents/work/3MI3/liuy363/a1'. The most common cause for this problem is that the editor was opened in the wrong working directory, for example if you use sbt then the workspace directory should contain build.sbt. 
2020.10.21 12:04:34 INFO  no build target: using presentation compiler with only scala-library
2020.10.21 12:04:34 WARN  no build target for: /Users/liuyingxue/Documents/work/3MI3/liuy363/a1/a1p3.sc
Oct 21, 2020 12:04:34 PM org.eclipse.lsp4j.jsonrpc.RemoteEndpoint handleCancellation
WARNING: Unmatched cancel notification for request id 2
Oct 21, 2020 12:04:34 PM org.eclipse.lsp4j.jsonrpc.RemoteEndpoint handleCancellation
WARNING: Unmatched cancel notification for request id 9
Oct 21, 2020 12:04:34 PM org.eclipse.lsp4j.jsonrpc.RemoteEndpoint handleCancellation
WARNING: Unmatched cancel notification for request id 4
2020.10.21 12:04:34 WARN  no build target for: /Users/liuyingxue/Documents/work/3MI3/liuy363/a1/a1p3.sc
Oct 21, 2020 12:04:46 PM org.eclipse.lsp4j.jsonrpc.RemoteEndpoint handleCancellation
WARNING: Unmatched cancel notification for request id 50
2020.10.21 12:04:50 WARN  no build target for: /Users/liuyingxue/Documents/work/3MI3/liuy363/a1/a1p3.sc
2020.10.21 12:04:52 WARN  no build target for: /Users/liuyingxue/Documents/work/3MI3/liuy363/a1/a1p3.sc
2020.10.21 12:05:04 WARN  no build target for: /Users/liuyingxue/Documents/work/3MI3/liuy363/a1/a1p4.sc
java.lang.NullPointerException
	at scala.meta.internal.metals.ammonite.Ammonite.$anonfun$maybeImport$3(Ammonite.scala:207)
	at scala.meta.internal.metals.ammonite.Ammonite.$anonfun$maybeImport$3$adapted(Ammonite.scala:204)
	at scala.concurrent.impl.CallbackRunnable.run(Promise.scala:64)
	at java.base/java.util.concurrent.ThreadPoolExecutor.runWorker(ThreadPoolExecutor.java:1128)
	at java.base/java.util.concurrent.ThreadPoolExecutor$Worker.run(ThreadPoolExecutor.java:628)
	at java.base/java.lang.Thread.run(Thread.java:830)
Oct 21, 2020 12:05:08 PM org.eclipse.lsp4j.jsonrpc.RemoteEndpoint handleCancellation
WARNING: Unmatched cancel notification for request id 80
2020.10.21 12:05:14 WARN  no build target for: /Users/liuyingxue/Documents/work/3MI3/liuy363/a1/a1p4.sc
2020.10.21 12:05:19 WARN  no build target for: /Users/liuyingxue/Documents/work/3MI3/liuy363/a1/a1p4.sc
2020.10.21 12:05:30 WARN  no build target for: /Users/liuyingxue/Documents/work/3MI3/liuy363/a1/a1p4.sc
2020.10.21 12:05:32 WARN  no build target for: /Users/liuyingxue/Documents/work/3MI3/liuy363/a1/a1p4.sc
2020.10.21 14:04:25 WARN  no build target for: /Users/liuyingxue/Documents/work/3MI3/liuy363/a1/a1p4.sc
2020.10.21 14:05:32 INFO  shutting down Metals
2020.10.25 16:17:43 INFO  started: Metals version 0.9.3+82-189ba64a-SNAPSHOT in workspace '/Users/liuyingxue/Documents/work/3MI3/liuy363/a1' for client vscode.
2020.10.25 16:17:46 INFO  time: initialize in 2.19s
2020.10.25 16:17:46 WARN  no build tool detected in workspace '/Users/liuyingxue/Documents/work/3MI3/liuy363/a1'. The most common cause for this problem is that the editor was opened in the wrong working directory, for example if you use sbt then the workspace directory should contain build.sbt. 
2020.10.25 16:17:50 INFO  no build target: using presentation compiler with only scala-library
2020.10.25 16:17:50 WARN  no build target for: /Users/liuyingxue/Documents/work/3MI3/liuy363/a1/a1p4.sc
2020.10.25 16:17:50 WARN  no build target for: /Users/liuyingxue/Documents/work/3MI3/liuy363/a1/a1p3.sc
java.lang.NullPointerException
	at scala.meta.internal.metals.ammonite.Ammonite.$anonfun$maybeImport$3(Ammonite.scala:207)
	at scala.meta.internal.metals.ammonite.Ammonite.$anonfun$maybeImport$3$adapted(Ammonite.scala:204)
	at scala.concurrent.impl.CallbackRunnable.run(Promise.scala:64)
	at java.base/java.util.concurrent.ThreadPoolExecutor.runWorker(ThreadPoolExecutor.java:1128)
	at java.base/java.util.concurrent.ThreadPoolExecutor$Worker.run(ThreadPoolExecutor.java:628)
	at java.base/java.lang.Thread.run(Thread.java:830)
2020.10.25 16:17:54 WARN  no build target for: /Users/liuyingxue/Documents/work/3MI3/liuy363/a1/a1p3.sc
java.lang.NullPointerException
	at scala.meta.internal.metals.ammonite.Ammonite.$anonfun$maybeImport$3(Ammonite.scala:207)
	at scala.meta.internal.metals.ammonite.Ammonite.$anonfun$maybeImport$3$adapted(Ammonite.scala:204)
	at scala.concurrent.impl.CallbackRunnable.run(Promise.scala:64)
	at java.base/java.util.concurrent.ThreadPoolExecutor.runWorker(ThreadPoolExecutor.java:1128)
	at java.base/java.util.concurrent.ThreadPoolExecutor$Worker.run(ThreadPoolExecutor.java:628)
	at java.base/java.lang.Thread.run(Thread.java:830)
2020.10.25 16:18:08 WARN  no build target for: /Users/liuyingxue/Documents/work/3MI3/liuy363/a1/a1p3.sc
2020.10.25 16:18:13 WARN  no build target for: /Users/liuyingxue/Documents/work/3MI3/liuy363/a1/a1p3.sc
2020.10.25 16:18:20 WARN  no build target for: /Users/liuyingxue/Documents/work/3MI3/liuy363/a1/a1p3.sc
2020.10.25 16:18:22 WARN  no build target for: /Users/liuyingxue/Documents/work/3MI3/liuy363/a1/a1p3.sc
2020.10.25 16:18:25 WARN  no build target for: /Users/liuyingxue/Documents/work/3MI3/liuy363/a1/a1p3.sc
2020.10.25 16:18:30 WARN  no build target for: /Users/liuyingxue/Documents/work/3MI3/liuy363/a1/a1p3.sc
2020.10.25 16:19:48 WARN  no build target for: /Users/liuyingxue/Documents/work/3MI3/liuy363/a1/a1p3.sc
2020.10.25 16:19:55 WARN  no build target for: /Users/liuyingxue/Documents/work/3MI3/liuy363/a1/a1p3.sc
2020.10.25 16:19:58 WARN  no build target for: /Users/liuyingxue/Documents/work/3MI3/liuy363/a1/a1p3.sc
2020.10.25 16:20:09 WARN  no build target for: /Users/liuyingxue/Documents/work/3MI3/liuy363/a1/a1p3.sc
2020.10.25 16:20:11 INFO  shutting down Metals
