2020.09.28 19:46:57 INFO  started: Metals version 0.9.3+82-189ba64a-SNAPSHOT in workspace '/Users/liuyingxue/Documents/work/3MI3/h3' for client vscode.
2020.09.28 19:46:59 INFO  time: initialize in 1.85s
2020.09.28 19:47:00 WARN  no build tool detected in workspace '/Users/liuyingxue/Documents/work/3MI3/h3'. The most common cause for this problem is that the editor was opened in the wrong working directory, for example if you use sbt then the workspace directory should contain build.sbt. 
2020.09.28 19:47:04 INFO  no build target: using presentation compiler with only scala-library
2020.09.28 19:47:04 WARN  no build target for: /Users/liuyingxue/Documents/work/3MI3/h3/h3.sc
java.lang.NullPointerException
	at scala.meta.internal.metals.ammonite.Ammonite.$anonfun$maybeImport$3(Ammonite.scala:207)
	at scala.meta.internal.metals.ammonite.Ammonite.$anonfun$maybeImport$3$adapted(Ammonite.scala:204)
	at scala.concurrent.impl.CallbackRunnable.run(Promise.scala:64)
	at java.base/java.util.concurrent.ThreadPoolExecutor.runWorker(ThreadPoolExecutor.java:1128)
	at java.base/java.util.concurrent.ThreadPoolExecutor$Worker.run(ThreadPoolExecutor.java:628)
	at java.base/java.lang.Thread.run(Thread.java:830)
2020.09.28 21:48:31 WARN  no build target for: /Users/liuyingxue/Documents/work/3MI3/h3/h3.sc
2020.09.28 21:48:36 WARN  no build target for: /Users/liuyingxue/Documents/work/3MI3/h3/h3.sc
2020.09.28 21:48:41 WARN  no build target for: /Users/liuyingxue/Documents/work/3MI3/h3/h3.sc
2020.09.28 21:50:51 WARN  no build target for: /Users/liuyingxue/Documents/work/3MI3/h3/h3.sc
Sep 28, 2020 9:50:52 PM scala.meta.internal.pc.completions.Completions completionPosition
SEVERE: null
java.lang.NullPointerException
	at scala.meta.internal.pc.completions.OverrideCompletions$OverrideCompletion.<init>(OverrideCompletions.scala:46)
	at scala.meta.internal.pc.completions.Completions.completionPositionUnsafe(Completions.scala:500)
	at scala.meta.internal.pc.completions.Completions.completionPositionUnsafe$(Completions.scala:409)
	at scala.meta.internal.pc.MetalsGlobal.completionPositionUnsafe(MetalsGlobal.scala:29)
	at scala.meta.internal.pc.completions.Completions.completionPosition(Completions.scala:401)
	at scala.meta.internal.pc.completions.Completions.completionPosition$(Completions.scala:386)
	at scala.meta.internal.pc.MetalsGlobal.completionPosition(MetalsGlobal.scala:29)
	at scala.meta.internal.pc.CompletionProvider.safeCompletionsAt(CompletionProvider.scala:444)
	at scala.meta.internal.pc.CompletionProvider.completions(CompletionProvider.scala:57)
	at scala.meta.internal.pc.ScalaPresentationCompiler.$anonfun$complete$1(ScalaPresentationCompiler.scala:184)
	at scala.meta.internal.pc.CompilerAccess.withSharedCompiler(CompilerAccess.scala:137)
	at scala.meta.internal.pc.CompilerAccess.$anonfun$withInterruptableCompiler$1(CompilerAccess.scala:87)
	at scala.meta.internal.pc.CompilerAccess.$anonfun$onCompilerJobQueue$1(CompilerAccess.scala:197)
	at scala.meta.internal.pc.CompilerJobQueue$Job.run(CompilerJobQueue.scala:103)
	at java.base/java.util.concurrent.ThreadPoolExecutor.runWorker(ThreadPoolExecutor.java:1128)
	at java.base/java.util.concurrent.ThreadPoolExecutor$Worker.run(ThreadPoolExecutor.java:628)
	at java.base/java.lang.Thread.run(Thread.java:830)

Sep 28, 2020 9:50:52 PM scala.meta.internal.pc.completions.Completions completionPosition
SEVERE: null
java.lang.NullPointerException
	at scala.meta.internal.pc.completions.OverrideCompletions$OverrideCompletion.<init>(OverrideCompletions.scala:46)
	at scala.meta.internal.pc.completions.Completions.completionPositionUnsafe(Completions.scala:500)
	at scala.meta.internal.pc.completions.Completions.completionPositionUnsafe$(Completions.scala:409)
	at scala.meta.internal.pc.MetalsGlobal.completionPositionUnsafe(MetalsGlobal.scala:29)
	at scala.meta.internal.pc.completions.Completions.completionPosition(Completions.scala:401)
	at scala.meta.internal.pc.completions.Completions.completionPosition$(Completions.scala:386)
	at scala.meta.internal.pc.MetalsGlobal.completionPosition(MetalsGlobal.scala:29)
	at scala.meta.internal.pc.CompletionProvider.safeCompletionsAt(CompletionProvider.scala:444)
	at scala.meta.internal.pc.CompletionProvider.completions(CompletionProvider.scala:57)
	at scala.meta.internal.pc.ScalaPresentationCompiler.$anonfun$complete$1(ScalaPresentationCompiler.scala:184)
	at scala.meta.internal.pc.CompilerAccess.withSharedCompiler(CompilerAccess.scala:137)
	at scala.meta.internal.pc.CompilerAccess.$anonfun$withInterruptableCompiler$1(CompilerAccess.scala:87)
	at scala.meta.internal.pc.CompilerAccess.$anonfun$onCompilerJobQueue$1(CompilerAccess.scala:197)
	at scala.meta.internal.pc.CompilerJobQueue$Job.run(CompilerJobQueue.scala:103)
	at java.base/java.util.concurrent.ThreadPoolExecutor.runWorker(ThreadPoolExecutor.java:1128)
	at java.base/java.util.concurrent.ThreadPoolExecutor$Worker.run(ThreadPoolExecutor.java:628)
	at java.base/java.lang.Thread.run(Thread.java:830)

Sep 28, 2020 9:50:52 PM scala.meta.internal.pc.completions.Completions completionPosition
SEVERE: null
java.lang.NullPointerException
	at scala.meta.internal.pc.completions.OverrideCompletions$OverrideCompletion.<init>(OverrideCompletions.scala:46)
	at scala.meta.internal.pc.completions.Completions.completionPositionUnsafe(Completions.scala:500)
	at scala.meta.internal.pc.completions.Completions.completionPositionUnsafe$(Completions.scala:409)
	at scala.meta.internal.pc.MetalsGlobal.completionPositionUnsafe(MetalsGlobal.scala:29)
	at scala.meta.internal.pc.completions.Completions.completionPosition(Completions.scala:401)
	at scala.meta.internal.pc.completions.Completions.completionPosition$(Completions.scala:386)
	at scala.meta.internal.pc.MetalsGlobal.completionPosition(MetalsGlobal.scala:29)
	at scala.meta.internal.pc.CompletionProvider.safeCompletionsAt(CompletionProvider.scala:444)
	at scala.meta.internal.pc.CompletionProvider.completions(CompletionProvider.scala:57)
	at scala.meta.internal.pc.ScalaPresentationCompiler.$anonfun$complete$1(ScalaPresentationCompiler.scala:184)
	at scala.meta.internal.pc.CompilerAccess.withSharedCompiler(CompilerAccess.scala:137)
	at scala.meta.internal.pc.CompilerAccess.$anonfun$withInterruptableCompiler$1(CompilerAccess.scala:87)
	at scala.meta.internal.pc.CompilerAccess.$anonfun$onCompilerJobQueue$1(CompilerAccess.scala:197)
	at scala.meta.internal.pc.CompilerJobQueue$Job.run(CompilerJobQueue.scala:103)
	at java.base/java.util.concurrent.ThreadPoolExecutor.runWorker(ThreadPoolExecutor.java:1128)
	at java.base/java.util.concurrent.ThreadPoolExecutor$Worker.run(ThreadPoolExecutor.java:628)
	at java.base/java.lang.Thread.run(Thread.java:830)

Sep 28, 2020 9:50:53 PM scala.meta.internal.pc.completions.Completions completionPosition
SEVERE: null
java.lang.NullPointerException
	at scala.meta.internal.pc.completions.OverrideCompletions$OverrideCompletion.<init>(OverrideCompletions.scala:46)
	at scala.meta.internal.pc.completions.Completions.completionPositionUnsafe(Completions.scala:500)
	at scala.meta.internal.pc.completions.Completions.completionPositionUnsafe$(Completions.scala:409)
	at scala.meta.internal.pc.MetalsGlobal.completionPositionUnsafe(MetalsGlobal.scala:29)
	at scala.meta.internal.pc.completions.Completions.completionPosition(Completions.scala:401)
	at scala.meta.internal.pc.completions.Completions.completionPosition$(Completions.scala:386)
	at scala.meta.internal.pc.MetalsGlobal.completionPosition(MetalsGlobal.scala:29)
	at scala.meta.internal.pc.CompletionProvider.safeCompletionsAt(CompletionProvider.scala:444)
	at scala.meta.internal.pc.CompletionProvider.completions(CompletionProvider.scala:57)
	at scala.meta.internal.pc.ScalaPresentationCompiler.$anonfun$complete$1(ScalaPresentationCompiler.scala:184)
	at scala.meta.internal.pc.CompilerAccess.withSharedCompiler(CompilerAccess.scala:137)
	at scala.meta.internal.pc.CompilerAccess.$anonfun$withInterruptableCompiler$1(CompilerAccess.scala:87)
	at scala.meta.internal.pc.CompilerAccess.$anonfun$onCompilerJobQueue$1(CompilerAccess.scala:197)
	at scala.meta.internal.pc.CompilerJobQueue$Job.run(CompilerJobQueue.scala:103)
	at java.base/java.util.concurrent.ThreadPoolExecutor.runWorker(ThreadPoolExecutor.java:1128)
	at java.base/java.util.concurrent.ThreadPoolExecutor$Worker.run(ThreadPoolExecutor.java:628)
	at java.base/java.lang.Thread.run(Thread.java:830)

Sep 28, 2020 9:50:53 PM scala.meta.internal.pc.completions.Completions completionPosition
SEVERE: null
java.lang.NullPointerException
	at scala.meta.internal.pc.completions.OverrideCompletions$OverrideCompletion.<init>(OverrideCompletions.scala:46)
	at scala.meta.internal.pc.completions.Completions.completionPositionUnsafe(Completions.scala:500)
	at scala.meta.internal.pc.completions.Completions.completionPositionUnsafe$(Completions.scala:409)
	at scala.meta.internal.pc.MetalsGlobal.completionPositionUnsafe(MetalsGlobal.scala:29)
	at scala.meta.internal.pc.completions.Completions.completionPosition(Completions.scala:401)
	at scala.meta.internal.pc.completions.Completions.completionPosition$(Completions.scala:386)
	at scala.meta.internal.pc.MetalsGlobal.completionPosition(MetalsGlobal.scala:29)
	at scala.meta.internal.pc.CompletionProvider.safeCompletionsAt(CompletionProvider.scala:444)
	at scala.meta.internal.pc.CompletionProvider.completions(CompletionProvider.scala:57)
	at scala.meta.internal.pc.ScalaPresentationCompiler.$anonfun$complete$1(ScalaPresentationCompiler.scala:184)
	at scala.meta.internal.pc.CompilerAccess.withSharedCompiler(CompilerAccess.scala:137)
	at scala.meta.internal.pc.CompilerAccess.$anonfun$withInterruptableCompiler$1(CompilerAccess.scala:87)
	at scala.meta.internal.pc.CompilerAccess.$anonfun$onCompilerJobQueue$1(CompilerAccess.scala:197)
	at scala.meta.internal.pc.CompilerJobQueue$Job.run(CompilerJobQueue.scala:103)
	at java.base/java.util.concurrent.ThreadPoolExecutor.runWorker(ThreadPoolExecutor.java:1128)
	at java.base/java.util.concurrent.ThreadPoolExecutor$Worker.run(ThreadPoolExecutor.java:628)
	at java.base/java.lang.Thread.run(Thread.java:830)

Sep 28, 2020 9:50:53 PM scala.meta.internal.pc.completions.Completions completionPosition
SEVERE: null
java.lang.NullPointerException
	at scala.meta.internal.pc.completions.OverrideCompletions$OverrideCompletion.<init>(OverrideCompletions.scala:46)
	at scala.meta.internal.pc.completions.Completions.completionPositionUnsafe(Completions.scala:500)
	at scala.meta.internal.pc.completions.Completions.completionPositionUnsafe$(Completions.scala:409)
	at scala.meta.internal.pc.MetalsGlobal.completionPositionUnsafe(MetalsGlobal.scala:29)
	at scala.meta.internal.pc.completions.Completions.completionPosition(Completions.scala:401)
	at scala.meta.internal.pc.completions.Completions.completionPosition$(Completions.scala:386)
	at scala.meta.internal.pc.MetalsGlobal.completionPosition(MetalsGlobal.scala:29)
	at scala.meta.internal.pc.CompletionProvider.safeCompletionsAt(CompletionProvider.scala:444)
	at scala.meta.internal.pc.CompletionProvider.completions(CompletionProvider.scala:57)
	at scala.meta.internal.pc.ScalaPresentationCompiler.$anonfun$complete$1(ScalaPresentationCompiler.scala:184)
	at scala.meta.internal.pc.CompilerAccess.withSharedCompiler(CompilerAccess.scala:137)
	at scala.meta.internal.pc.CompilerAccess.$anonfun$withInterruptableCompiler$1(CompilerAccess.scala:87)
	at scala.meta.internal.pc.CompilerAccess.$anonfun$onCompilerJobQueue$1(CompilerAccess.scala:197)
	at scala.meta.internal.pc.CompilerJobQueue$Job.run(CompilerJobQueue.scala:103)
	at java.base/java.util.concurrent.ThreadPoolExecutor.runWorker(ThreadPoolExecutor.java:1128)
	at java.base/java.util.concurrent.ThreadPoolExecutor$Worker.run(ThreadPoolExecutor.java:628)
	at java.base/java.lang.Thread.run(Thread.java:830)

Sep 28, 2020 9:50:54 PM scala.meta.internal.pc.completions.Completions completionPosition
SEVERE: null
java.lang.NullPointerException
	at scala.meta.internal.pc.completions.OverrideCompletions$OverrideCompletion.<init>(OverrideCompletions.scala:46)
	at scala.meta.internal.pc.completions.Completions.completionPositionUnsafe(Completions.scala:500)
	at scala.meta.internal.pc.completions.Completions.completionPositionUnsafe$(Completions.scala:409)
	at scala.meta.internal.pc.MetalsGlobal.completionPositionUnsafe(MetalsGlobal.scala:29)
	at scala.meta.internal.pc.completions.Completions.completionPosition(Completions.scala:401)
	at scala.meta.internal.pc.completions.Completions.completionPosition$(Completions.scala:386)
	at scala.meta.internal.pc.MetalsGlobal.completionPosition(MetalsGlobal.scala:29)
	at scala.meta.internal.pc.CompletionProvider.safeCompletionsAt(CompletionProvider.scala:444)
	at scala.meta.internal.pc.CompletionProvider.completions(CompletionProvider.scala:57)
	at scala.meta.internal.pc.ScalaPresentationCompiler.$anonfun$complete$1(ScalaPresentationCompiler.scala:184)
	at scala.meta.internal.pc.CompilerAccess.withSharedCompiler(CompilerAccess.scala:137)
	at scala.meta.internal.pc.CompilerAccess.$anonfun$withInterruptableCompiler$1(CompilerAccess.scala:87)
	at scala.meta.internal.pc.CompilerAccess.$anonfun$onCompilerJobQueue$1(CompilerAccess.scala:197)
	at scala.meta.internal.pc.CompilerJobQueue$Job.run(CompilerJobQueue.scala:103)
	at java.base/java.util.concurrent.ThreadPoolExecutor.runWorker(ThreadPoolExecutor.java:1128)
	at java.base/java.util.concurrent.ThreadPoolExecutor$Worker.run(ThreadPoolExecutor.java:628)
	at java.base/java.lang.Thread.run(Thread.java:830)

2020.09.28 21:50:55 WARN  no build target for: /Users/liuyingxue/Documents/work/3MI3/h3/h3.sc
2020.09.28 21:51:01 WARN  no build target for: /Users/liuyingxue/Documents/work/3MI3/h3/h3.sc
2020.09.28 21:51:03 WARN  no build target for: /Users/liuyingxue/Documents/work/3MI3/h3/h3.sc
2020.09.28 21:51:17 WARN  no build target for: /Users/liuyingxue/Documents/work/3MI3/h3/h3.sc
2020.09.28 21:51:24 WARN  no build target for: /Users/liuyingxue/Documents/work/3MI3/h3/h3.sc
2020.09.28 21:51:25 WARN  no build target for: /Users/liuyingxue/Documents/work/3MI3/h3/h3.sc
2020.09.28 21:51:38 WARN  no build target for: /Users/liuyingxue/Documents/work/3MI3/h3/h3.sc
2020.09.28 21:51:41 WARN  no build target for: /Users/liuyingxue/Documents/work/3MI3/h3/h3.sc
2020.09.28 21:52:08 WARN  no build target for: /Users/liuyingxue/Documents/work/3MI3/h3/h3.sc
2020.09.28 21:52:10 WARN  no build target for: /Users/liuyingxue/Documents/work/3MI3/h3/h3.sc
2020.09.28 21:52:33 WARN  no build target for: /Users/liuyingxue/Documents/work/3MI3/h3/h3.sc
2020.09.28 21:52:36 WARN  no build target for: /Users/liuyingxue/Documents/work/3MI3/h3/h3.sc
2020.09.28 21:52:37 WARN  no build target for: /Users/liuyingxue/Documents/work/3MI3/h3/h3.sc
2020.09.28 21:52:42 WARN  no build target for: /Users/liuyingxue/Documents/work/3MI3/h3/h3.sc
2020.09.28 21:52:43 WARN  no build target for: /Users/liuyingxue/Documents/work/3MI3/h3/h3.sc
2020.09.28 21:52:45 WARN  no build target for: /Users/liuyingxue/Documents/work/3MI3/h3/h3.sc
2020.09.28 21:52:48 WARN  no build target for: /Users/liuyingxue/Documents/work/3MI3/h3/h3.sc
2020.09.28 21:52:50 WARN  no build target for: /Users/liuyingxue/Documents/work/3MI3/h3/h3.sc
2020.09.28 21:52:54 WARN  no build target for: /Users/liuyingxue/Documents/work/3MI3/h3/h3.sc
2020.09.28 21:52:56 WARN  no build target for: /Users/liuyingxue/Documents/work/3MI3/h3/h3.sc
2020.09.28 21:52:58 WARN  no build target for: /Users/liuyingxue/Documents/work/3MI3/h3/h3.sc
2020.09.28 21:53:02 WARN  no build target for: /Users/liuyingxue/Documents/work/3MI3/h3/h3.sc
2020.09.28 21:53:05 WARN  no build target for: /Users/liuyingxue/Documents/work/3MI3/h3/h3.sc
2020.09.28 21:53:24 WARN  no build target for: /Users/liuyingxue/Documents/work/3MI3/h3/h3.sc
2020.09.28 21:53:27 WARN  no build target for: /Users/liuyingxue/Documents/work/3MI3/h3/h3.sc
Sep 28, 2020 9:53:35 PM org.eclipse.lsp4j.jsonrpc.RemoteEndpoint handleCancellation
WARNING: Unmatched cancel notification for request id 393
2020.09.28 21:53:36 WARN  no build target for: /Users/liuyingxue/Documents/work/3MI3/h3/h3.sc
2020.09.28 21:53:41 WARN  no build target for: /Users/liuyingxue/Documents/work/3MI3/h3/h3.sc
2020.09.28 21:53:45 WARN  no build target for: /Users/liuyingxue/Documents/work/3MI3/h3/h3.sc
2020.09.28 21:53:48 WARN  no build target for: /Users/liuyingxue/Documents/work/3MI3/h3/h3.sc
2020.09.28 21:54:00 WARN  no build tool detected in workspace '/Users/liuyingxue/Documents/work/3MI3/h3'. The most common cause for this problem is that the editor was opened in the wrong working directory, for example if you use sbt then the workspace directory should contain build.sbt. 
Sep 28, 2020 9:54:00 PM scala.meta.internal.pc.CompilerAccess retryWithCleanCompiler
INFO: compiler crashed due to an error in the Scala compiler, retrying with new compiler instance.
2020.09.28 21:54:00 WARN  no build target for: /Users/liuyingxue/Documents/work/3MI3/h3/h3.sc
2020.09.28 21:54:00 WARN  no build tool detected in workspace '/Users/liuyingxue/Documents/work/3MI3/h3'. The most common cause for this problem is that the editor was opened in the wrong working directory, for example if you use sbt then the workspace directory should contain build.sbt. 
Sep 28, 2020 9:54:00 PM scala.meta.internal.pc.CompilerAccess handleError
SEVERE: 
  unexpected tree: class scala.reflect.internal.Trees$Template
Boolean
     while compiling: file:///Users/liuyingxue/Documents/work/3MI3/h3/h3.sc
        during phase: globalPhase=<no phase>, enteringPhase=parser
     library version: version 2.12.12
    compiler version: version 2.12.12
  reconstructed args: -classpath /Users/liuyingxue/Library/Caches/Coursier/v1/https/repo1.maven.org/maven2/org/scala-lang/scala-library/2.12.12/scala-library-2.12.12.jar -Ymacro-expand:discard -Ycache-plugin-class-loader:last-modified -Ypresentation-any-thread

  last tree to typer: Template
       tree position: line 1 of file:///Users/liuyingxue/Documents/work/3MI3/h3/h3.sc
              symbol: <none>
   symbol definition: <none> (a NoSymbol)
      symbol package: <none>
       symbol owners: 
           call site: <none> in <none>

== Source file context for tree position ==

     1 def isPrime(x:Int): Boolean {
     2     if (x==2) {
     3         return true
     4     }
     5     else {
     6         for (i<-2 until (x-1)){
     7             if (x%i==0) {
scala.reflect.internal.FatalError: 
  unexpected tree: class scala.reflect.internal.Trees$Template
Boolean
     while compiling: file:///Users/liuyingxue/Documents/work/3MI3/h3/h3.sc
        during phase: globalPhase=<no phase>, enteringPhase=parser
     library version: version 2.12.12
    compiler version: version 2.12.12
  reconstructed args: -classpath /Users/liuyingxue/Library/Caches/Coursier/v1/https/repo1.maven.org/maven2/org/scala-lang/scala-library/2.12.12/scala-library-2.12.12.jar -Ymacro-expand:discard -Ycache-plugin-class-loader:last-modified -Ypresentation-any-thread

  last tree to typer: Template
       tree position: line 1 of file:///Users/liuyingxue/Documents/work/3MI3/h3/h3.sc
              symbol: <none>
   symbol definition: <none> (a NoSymbol)
      symbol package: <none>
       symbol owners: 
           call site: <none> in <none>

== Source file context for tree position ==

     1 def isPrime(x:Int): Boolean {
     2     if (x==2) {
     3         return true
     4     }
     5     else {
     6         for (i<-2 until (x-1)){
     7             if (x%i==0) {
	at scala.reflect.internal.Reporting.abort(Reporting.scala:68)
	at scala.reflect.internal.Reporting.abort$(Reporting.scala:64)
	at scala.reflect.internal.SymbolTable.abort(SymbolTable.scala:28)
	at scala.tools.nsc.typechecker.Typers$Typer.typedOutsidePatternMode$1(Typers.scala:5671)
	at scala.tools.nsc.typechecker.Typers$Typer.typed1(Typers.scala:5688)
	at scala.tools.nsc.typechecker.Typers$Typer.typed(Typers.scala:5724)
	at scala.tools.nsc.typechecker.Typers$Typer.typedQualifier(Typers.scala:5808)
	at scala.meta.internal.pc.PcDefinitionProvider.definitionTypedTreeAt(PcDefinitionProvider.scala:111)
	at scala.meta.internal.pc.PcDefinitionProvider.definition(PcDefinitionProvider.scala:24)

2020.09.28 22:22:28 WARN  no build target for: /Users/liuyingxue/Documents/work/3MI3/h3/h3.sc
2020.09.28 22:24:44 WARN  no build target for: /Users/liuyingxue/Documents/work/3MI3/h3/h3.sc
2020.09.28 22:24:46 WARN  no build target for: /Users/liuyingxue/Documents/work/3MI3/h3/h3.sc
2020.09.28 22:28:29 WARN  no build target for: /Users/liuyingxue/Documents/work/3MI3/h3/h3.sc
2020.09.28 22:28:35 WARN  no build target for: /Users/liuyingxue/Documents/work/3MI3/h3/h3.sc
2020.09.28 22:28:39 WARN  no build target for: /Users/liuyingxue/Documents/work/3MI3/h3/h3.sc
2020.09.28 22:28:40 WARN  no build target for: /Users/liuyingxue/Documents/work/3MI3/h3/h3.sc
2020.09.28 22:28:46 WARN  no build target for: /Users/liuyingxue/Documents/work/3MI3/h3/h3.sc
something's wrong: no file:///Users/liuyingxue/Documents/work/3MI3/h3/h3.sc in List[<error>]RangePosition(file:///Users/liuyingxue/Documents/work/3MI3/h3/h3.sc, 245, 245, 259)
something's wrong: no file:///Users/liuyingxue/Documents/work/3MI3/h3/h3.sc in List[<error>]RangePosition(file:///Users/liuyingxue/Documents/work/3MI3/h3/h3.sc, 245, 245, 252)
something's wrong: no file:///Users/liuyingxue/Documents/work/3MI3/h3/h3.sc in List[<error>]RangePosition(file:///Users/liuyingxue/Documents/work/3MI3/h3/h3.sc, 245, 245, 252)
something's wrong: no file:///Users/liuyingxue/Documents/work/3MI3/h3/h3.sc in List[<error>]RangePosition(file:///Users/liuyingxue/Documents/work/3MI3/h3/h3.sc, 245, 245, 252)
2020.09.28 22:28:52 WARN  no build target for: /Users/liuyingxue/Documents/work/3MI3/h3/h3.sc
2020.09.28 22:28:58 WARN  no build target for: /Users/liuyingxue/Documents/work/3MI3/h3/h3.sc
2020.09.28 22:29:00 WARN  no build target for: /Users/liuyingxue/Documents/work/3MI3/h3/h3.sc
2020.09.28 22:29:04 WARN  no build target for: /Users/liuyingxue/Documents/work/3MI3/h3/h3.sc
2020.09.28 22:29:06 WARN  no build target for: /Users/liuyingxue/Documents/work/3MI3/h3/h3.sc
2020.09.28 22:38:08 WARN  no build target for: /Users/liuyingxue/Documents/work/3MI3/h3/h3.sc
2020.09.28 22:38:11 WARN  no build target for: /Users/liuyingxue/Documents/work/3MI3/h3/h3.sc
2020.09.28 22:47:05 WARN  no build target for: /Users/liuyingxue/Documents/work/3MI3/h3/h3.sc
2020.09.28 22:47:09 WARN  no build target for: /Users/liuyingxue/Documents/work/3MI3/h3/h3.sc
2020.09.28 22:47:37 WARN  no build target for: /Users/liuyingxue/Documents/work/3MI3/h3/h3.sc
2020.09.28 22:47:40 WARN  no build target for: /Users/liuyingxue/Documents/work/3MI3/h3/h3.sc
2020.09.28 22:47:44 WARN  no build target for: /Users/liuyingxue/Documents/work/3MI3/h3/h3.sc
2020.09.28 22:47:49 WARN  no build target for: /Users/liuyingxue/Documents/work/3MI3/h3/h3.sc
2020.09.28 22:47:51 WARN  no build target for: /Users/liuyingxue/Documents/work/3MI3/h3/h3.sc
2020.09.28 22:47:56 WARN  no build target for: /Users/liuyingxue/Documents/work/3MI3/h3/h3.sc
2020.09.28 22:48:02 WARN  no build target for: /Users/liuyingxue/Documents/work/3MI3/h3/h3.sc
2020.09.28 22:48:08 WARN  no build target for: /Users/liuyingxue/Documents/work/3MI3/h3/h3.sc
2020.09.28 22:48:16 WARN  no build target for: /Users/liuyingxue/Documents/work/3MI3/h3/h3.sc
2020.09.28 22:48:17 WARN  no build target for: /Users/liuyingxue/Documents/work/3MI3/h3/h3.sc
2020.09.28 22:48:23 WARN  no build target for: /Users/liuyingxue/Documents/work/3MI3/h3/h3.sc
2020.09.28 22:48:48 WARN  no build target for: /Users/liuyingxue/Documents/work/3MI3/h3/h3.sc
2020.09.28 22:50:12 WARN  no build target for: /Users/liuyingxue/Documents/work/3MI3/h3/h3.sc
2020.09.28 22:50:24 WARN  no build target for: /Users/liuyingxue/Documents/work/3MI3/h3/h3.sc
2020.09.28 22:50:27 WARN  no build target for: /Users/liuyingxue/Documents/work/3MI3/h3/h3.sc
2020.09.28 22:50:28 WARN  no build target for: /Users/liuyingxue/Documents/work/3MI3/h3/h3.sc
2020.09.28 22:50:38 WARN  no build target for: /Users/liuyingxue/Documents/work/3MI3/h3/h3.sc
2020.09.28 22:50:42 WARN  no build target for: /Users/liuyingxue/Documents/work/3MI3/h3/h3.sc
2020.09.28 22:50:45 WARN  no build target for: /Users/liuyingxue/Documents/work/3MI3/h3/h3.sc
2020.09.28 22:50:49 WARN  no build target for: /Users/liuyingxue/Documents/work/3MI3/h3/h3.sc
2020.09.28 22:50:51 WARN  no build target for: /Users/liuyingxue/Documents/work/3MI3/h3/h3.sc
2020.09.28 22:50:53 WARN  no build target for: /Users/liuyingxue/Documents/work/3MI3/h3/h3.sc
2020.09.28 22:51:00 WARN  no build target for: /Users/liuyingxue/Documents/work/3MI3/h3/h3.sc
2020.09.28 22:51:07 WARN  no build target for: /Users/liuyingxue/Documents/work/3MI3/h3/h3.sc
2020.09.28 22:51:13 WARN  no build target for: /Users/liuyingxue/Documents/work/3MI3/h3/h3.sc
2020.09.28 22:51:17 WARN  no build target for: /Users/liuyingxue/Documents/work/3MI3/h3/h3.sc
2020.09.28 22:51:19 WARN  no build target for: /Users/liuyingxue/Documents/work/3MI3/h3/h3.sc
2020.09.28 22:51:29 WARN  no build target for: /Users/liuyingxue/Documents/work/3MI3/h3/h3.sc
2020.09.28 22:51:51 WARN  no build target for: /Users/liuyingxue/Documents/work/3MI3/h3/h3.sc
2020.09.28 22:51:55 WARN  no build target for: /Users/liuyingxue/Documents/work/3MI3/h3/h3.sc
2020.09.28 22:52:09 WARN  no build target for: /Users/liuyingxue/Documents/work/3MI3/h3/h3.sc
2020.09.28 22:52:17 WARN  no build target for: /Users/liuyingxue/Documents/work/3MI3/h3/h3.sc
2020.09.28 22:52:18 WARN  no build target for: /Users/liuyingxue/Documents/work/3MI3/h3/h3.sc
2020.09.28 22:52:19 WARN  no build target for: /Users/liuyingxue/Documents/work/3MI3/h3/h3.sc
2020.09.28 22:52:23 WARN  no build target for: /Users/liuyingxue/Documents/work/3MI3/h3/h3.sc
2020.09.28 22:52:27 WARN  no build target for: /Users/liuyingxue/Documents/work/3MI3/h3/h3.sc
2020.09.28 22:52:30 WARN  no build target for: /Users/liuyingxue/Documents/work/3MI3/h3/h3.sc
2020.09.28 22:52:40 WARN  no build target for: /Users/liuyingxue/Documents/work/3MI3/h3/h3.sc
2020.09.28 22:52:56 WARN  no build target for: /Users/liuyingxue/Documents/work/3MI3/h3/h3.sc
2020.09.28 22:53:01 WARN  no build target for: /Users/liuyingxue/Documents/work/3MI3/h3/h3.sc
2020.09.28 22:53:02 WARN  no build target for: /Users/liuyingxue/Documents/work/3MI3/h3/h3.sc
2020.09.28 22:53:07 WARN  no build target for: /Users/liuyingxue/Documents/work/3MI3/h3/h3.sc
2020.09.28 22:53:12 WARN  no build target for: /Users/liuyingxue/Documents/work/3MI3/h3/h3.sc
2020.09.28 22:53:26 WARN  no build target for: /Users/liuyingxue/Documents/work/3MI3/h3/h3.sc
2020.09.28 22:53:29 WARN  no build target for: /Users/liuyingxue/Documents/work/3MI3/h3/h3.sc
2020.09.28 22:53:31 WARN  no build target for: /Users/liuyingxue/Documents/work/3MI3/h3/h3.sc
2020.09.28 22:53:32 WARN  no build target for: /Users/liuyingxue/Documents/work/3MI3/h3/h3.sc
2020.09.28 22:53:34 WARN  no build target for: /Users/liuyingxue/Documents/work/3MI3/h3/h3.sc
2020.09.28 22:53:37 WARN  no build target for: /Users/liuyingxue/Documents/work/3MI3/h3/h3.sc
2020.09.28 22:53:40 WARN  no build target for: /Users/liuyingxue/Documents/work/3MI3/h3/h3.sc
2020.09.28 22:53:42 WARN  no build target for: /Users/liuyingxue/Documents/work/3MI3/h3/h3.sc
2020.09.28 22:53:44 WARN  no build target for: /Users/liuyingxue/Documents/work/3MI3/h3/h3.sc
2020.09.28 22:53:46 WARN  no build target for: /Users/liuyingxue/Documents/work/3MI3/h3/h3.sc
2020.09.28 22:53:54 WARN  no build target for: /Users/liuyingxue/Documents/work/3MI3/h3/h3.sc
2020.09.28 22:53:58 WARN  no build target for: /Users/liuyingxue/Documents/work/3MI3/h3/h3.sc
2020.09.28 22:54:00 WARN  no build target for: /Users/liuyingxue/Documents/work/3MI3/h3/h3.sc
2020.09.28 22:54:01 WARN  no build target for: /Users/liuyingxue/Documents/work/3MI3/h3/h3.sc
2020.09.28 22:54:11 WARN  no build target for: /Users/liuyingxue/Documents/work/3MI3/h3/h3.sc
2020.09.28 22:54:13 WARN  no build target for: /Users/liuyingxue/Documents/work/3MI3/h3/h3.sc
2020.09.28 23:00:15 WARN  no build target for: /Users/liuyingxue/Documents/work/3MI3/h3/h3.sc
2020.09.28 23:00:18 WARN  no build target for: /Users/liuyingxue/Documents/work/3MI3/h3/h3.sc
2020.09.28 23:00:19 WARN  no build target for: /Users/liuyingxue/Documents/work/3MI3/h3/h3.sc
2020.09.28 23:00:28 WARN  no build target for: /Users/liuyingxue/Documents/work/3MI3/h3/h3.sc
2020.09.28 23:00:30 WARN  no build target for: /Users/liuyingxue/Documents/work/3MI3/h3/h3.sc
2020.09.28 23:00:31 WARN  no build target for: /Users/liuyingxue/Documents/work/3MI3/h3/h3.sc
2020.09.28 23:00:35 WARN  no build target for: /Users/liuyingxue/Documents/work/3MI3/h3/h3.sc
2020.09.28 23:00:38 WARN  no build target for: /Users/liuyingxue/Documents/work/3MI3/h3/h3.sc
2020.09.28 23:01:05 WARN  no build target for: /Users/liuyingxue/Documents/work/3MI3/h3/h3.sc
2020.09.28 23:01:23 WARN  no build target for: /Users/liuyingxue/Documents/work/3MI3/h3/h3.sc
2020.09.28 23:01:25 WARN  no build target for: /Users/liuyingxue/Documents/work/3MI3/h3/h3.sc
Sep 28, 2020 11:01:50 PM org.eclipse.lsp4j.jsonrpc.RemoteEndpoint handleCancellation
WARNING: Unmatched cancel notification for request id 1687
2020.09.28 23:01:53 WARN  no build target for: /Users/liuyingxue/Documents/work/3MI3/h3/h3.sc
2020.09.28 23:02:32 WARN  no build target for: /Users/liuyingxue/Documents/work/3MI3/h3/h3.sc
2020.09.28 23:03:20 WARN  no build target for: /Users/liuyingxue/Documents/work/3MI3/h3/h3.sc
2020.09.28 23:03:21 WARN  no build target for: /Users/liuyingxue/Documents/work/3MI3/h3/h3.sc
2020.09.28 23:03:25 WARN  no build target for: /Users/liuyingxue/Documents/work/3MI3/h3/h3.sc
2020.09.28 23:03:31 WARN  no build target for: /Users/liuyingxue/Documents/work/3MI3/h3/h3.sc
2020.09.28 23:04:01 WARN  no build target for: /Users/liuyingxue/Documents/work/3MI3/h3/h3.sc
2020.09.28 23:04:02 WARN  no build target for: /Users/liuyingxue/Documents/work/3MI3/h3/h3.sc
2020.09.28 23:04:06 WARN  no build target for: /Users/liuyingxue/Documents/work/3MI3/h3/h3.sc
2020.09.28 23:22:38 WARN  no build target for: /Users/liuyingxue/Documents/work/3MI3/h3/h3.sc
2020.09.28 23:22:40 WARN  no build target for: /Users/liuyingxue/Documents/work/3MI3/h3/h3.sc
2020.09.28 23:22:44 WARN  no build target for: /Users/liuyingxue/Documents/work/3MI3/h3/h3.sc
2020.09.28 23:22:46 WARN  no build target for: /Users/liuyingxue/Documents/work/3MI3/h3/h3.sc
2020.09.28 23:23:56 WARN  no build target for: /Users/liuyingxue/Documents/work/3MI3/h3/h3.sc
2020.09.28 23:24:02 WARN  no build target for: /Users/liuyingxue/Documents/work/3MI3/h3/h3.sc
2020.09.28 23:24:31 WARN  no build target for: /Users/liuyingxue/Documents/work/3MI3/h3/h3.sc
2020.09.28 23:24:38 WARN  no build target for: /Users/liuyingxue/Documents/work/3MI3/h3/h3.sc
2020.09.28 23:25:00 WARN  no build target for: /Users/liuyingxue/Documents/work/3MI3/h3/h3.sc
2020.09.28 23:25:18 WARN  no build target for: /Users/liuyingxue/Documents/work/3MI3/h3/h3.sc
2020.09.28 23:26:12 WARN  no build target for: /Users/liuyingxue/Documents/work/3MI3/h3/h3.sc
2020.09.28 23:26:15 WARN  no build target for: /Users/liuyingxue/Documents/work/3MI3/h3/h3.sc
2020.09.28 23:26:17 WARN  no build target for: /Users/liuyingxue/Documents/work/3MI3/h3/h3.sc
2020.09.28 23:26:17 WARN  no build target for: /Users/liuyingxue/Documents/work/3MI3/h3/h3.sc
2020.09.28 23:26:43 WARN  no build target for: /Users/liuyingxue/Documents/work/3MI3/h3/h3.sc
2020.09.28 23:26:45 WARN  no build target for: /Users/liuyingxue/Documents/work/3MI3/h3/h3.sc
2020.09.28 23:26:59 WARN  no build target for: /Users/liuyingxue/Documents/work/3MI3/h3/h3.sc
2020.09.28 23:29:48 WARN  no build target for: /Users/liuyingxue/Documents/work/3MI3/h3/h3.sc
2020.09.28 23:29:50 WARN  no build target for: /Users/liuyingxue/Documents/work/3MI3/h3/h3.sc
2020.09.28 23:30:17 WARN  no build target for: /Users/liuyingxue/Documents/work/3MI3/h3/h3.sc
2020.09.28 23:31:08 WARN  no build target for: /Users/liuyingxue/Documents/work/3MI3/h3/h3.sc
Sep 28, 2020 11:34:58 PM org.eclipse.lsp4j.jsonrpc.RemoteEndpoint handleCancellation
WARNING: Unmatched cancel notification for request id 2096
2020.09.28 23:34:59 WARN  no build target for: /Users/liuyingxue/Documents/work/3MI3/h3/h3.sc
2020.09.28 23:35:02 WARN  no build target for: /Users/liuyingxue/Documents/work/3MI3/h3/h3.sc
2020.09.28 23:35:05 WARN  no build target for: /Users/liuyingxue/Documents/work/3MI3/h3/h3.sc
2020.09.28 23:35:06 WARN  no build target for: /Users/liuyingxue/Documents/work/3MI3/h3/h3.sc
2020.09.28 23:35:08 WARN  no build target for: /Users/liuyingxue/Documents/work/3MI3/h3/h3.sc
2020.09.28 23:35:34 WARN  no build target for: /Users/liuyingxue/Documents/work/3MI3/h3/h3.sc
2020.09.28 23:35:35 WARN  no build target for: /Users/liuyingxue/Documents/work/3MI3/h3/h3.sc
2020.09.28 23:35:39 WARN  no build target for: /Users/liuyingxue/Documents/work/3MI3/h3/h3.sc
2020.09.28 23:35:41 WARN  no build target for: /Users/liuyingxue/Documents/work/3MI3/h3/h3.sc
2020.09.28 23:36:02 WARN  no build target for: /Users/liuyingxue/Documents/work/3MI3/h3/h3.sc
2020.09.28 23:36:18 WARN  no build target for: /Users/liuyingxue/Documents/work/3MI3/h3/h3.sc
2020.09.28 23:36:20 WARN  no build target for: /Users/liuyingxue/Documents/work/3MI3/h3/h3.sc
2020.09.29 11:04:15 WARN  no build target for: /Users/liuyingxue/Documents/work/3MI3/h3/h3.sc
2020.09.29 11:04:20 WARN  no build target for: /Users/liuyingxue/Documents/work/3MI3/h3/h3.sc
2020.09.29 11:04:25 WARN  no build target for: /Users/liuyingxue/Documents/work/3MI3/h3/h3.sc
2020.09.29 11:04:27 WARN  no build target for: /Users/liuyingxue/Documents/work/3MI3/h3/h3.sc
2020.09.29 11:04:29 WARN  no build target for: /Users/liuyingxue/Documents/work/3MI3/h3/h3.sc
2020.09.29 11:04:31 WARN  no build target for: /Users/liuyingxue/Documents/work/3MI3/h3/h3.sc
2020.09.29 11:04:33 WARN  no build target for: /Users/liuyingxue/Documents/work/3MI3/h3/h3.sc
2020.09.29 11:04:39 WARN  no build target for: /Users/liuyingxue/Documents/work/3MI3/h3/h3.sc
2020.09.29 11:04:42 WARN  no build target for: /Users/liuyingxue/Documents/work/3MI3/h3/h3.sc
2020.09.29 11:04:45 WARN  no build target for: /Users/liuyingxue/Documents/work/3MI3/h3/h3.sc
2020.09.29 11:04:50 WARN  no build target for: /Users/liuyingxue/Documents/work/3MI3/h3/h3.sc
2020.09.29 11:04:54 WARN  no build target for: /Users/liuyingxue/Documents/work/3MI3/h3/h3.sc
2020.09.29 11:04:58 WARN  no build target for: /Users/liuyingxue/Documents/work/3MI3/h3/h3.sc
2020.09.29 11:05:32 WARN  no build target for: /Users/liuyingxue/Documents/work/3MI3/h3/h3.sc
2020.09.29 11:05:34 INFO  shutting down Metals
