2020.09.29 15:27:58 INFO  started: Metals version 0.9.3+82-189ba64a-SNAPSHOT in workspace '/Users/liuyingxue/Documents/work/3MI3/A1' for client vscode.
2020.09.29 15:28:00 INFO  time: initialize in 1.52s
2020.09.29 15:28:01 WARN  no build tool detected in workspace '/Users/liuyingxue/Documents/work/3MI3/A1'. The most common cause for this problem is that the editor was opened in the wrong working directory, for example if you use sbt then the workspace directory should contain build.sbt. 
2020.09.29 15:28:04 INFO  no build target: using presentation compiler with only scala-library
2020.09.29 15:28:04 WARN  no build target for: /Users/liuyingxue/Documents/work/3MI3/A1/A1.sc
2020.09.29 15:35:53 WARN  no build target for: /Users/liuyingxue/Documents/work/3MI3/A1/h1.sc
java.lang.NullPointerException
	at scala.meta.internal.metals.ammonite.Ammonite.$anonfun$maybeImport$3(Ammonite.scala:207)
	at scala.meta.internal.metals.ammonite.Ammonite.$anonfun$maybeImport$3$adapted(Ammonite.scala:204)
	at scala.concurrent.impl.CallbackRunnable.run(Promise.scala:64)
	at java.base/java.util.concurrent.ThreadPoolExecutor.runWorker(ThreadPoolExecutor.java:1128)
	at java.base/java.util.concurrent.ThreadPoolExecutor$Worker.run(ThreadPoolExecutor.java:628)
	at java.base/java.lang.Thread.run(Thread.java:830)
2020.09.29 15:35:53 WARN  no build target for: /Users/liuyingxue/Documents/work/3MI3/A1/h1.sc
2020.09.29 15:36:08 WARN  no build target for: /Users/liuyingxue/Documents/work/3MI3/A1/A1.sc
2020.09.29 15:36:10 WARN  no build target for: /Users/liuyingxue/Documents/work/3MI3/A1/A1.sc
2020.09.29 15:36:16 WARN  no build target for: /Users/liuyingxue/Documents/work/3MI3/A1/A1.sc
2020.09.29 15:36:17 WARN  no build target for: /Users/liuyingxue/Documents/work/3MI3/A1/A1.sc
2020.09.29 15:36:22 WARN  no build target for: /Users/liuyingxue/Documents/work/3MI3/A1/A1.sc
2020.09.29 15:36:27 WARN  no build target for: /Users/liuyingxue/Documents/work/3MI3/A1/A1.sc
2020.09.29 15:36:40 WARN  no build target for: /Users/liuyingxue/Documents/work/3MI3/A1/A1.sc
2020.09.29 15:36:44 WARN  no build target for: /Users/liuyingxue/Documents/work/3MI3/A1/A1.sc
2020.09.29 15:36:59 WARN  no build target for: /Users/liuyingxue/Documents/work/3MI3/A1/A1.sc
2020.09.29 15:37:02 WARN  no build target for: /Users/liuyingxue/Documents/work/3MI3/A1/A1.sc
2020.09.29 15:37:06 WARN  no build target for: /Users/liuyingxue/Documents/work/3MI3/A1/A1.sc
2020.09.29 15:37:16 WARN  no build target for: /Users/liuyingxue/Documents/work/3MI3/A1/A1.sc
something's wrong: no file:///Users/liuyingxue/Documents/work/3MI3/A1/A1.sc in this.Expr[<error>]RangePosition(file:///Users/liuyingxue/Documents/work/3MI3/A1/A1.sc, 55, 55, 69)
2020.09.29 15:37:33 WARN  no build target for: /Users/liuyingxue/Documents/work/3MI3/A1/A1.sc
2020.09.29 15:37:46 WARN  no build target for: /Users/liuyingxue/Documents/work/3MI3/A1/A1.sc
2020.09.29 15:38:03 WARN  no build target for: /Users/liuyingxue/Documents/work/3MI3/A1/A1.sc
2020.09.29 15:38:08 WARN  no build target for: /Users/liuyingxue/Documents/work/3MI3/A1/A1.sc
2020.09.29 15:38:11 WARN  no build target for: /Users/liuyingxue/Documents/work/3MI3/A1/A1.sc
2020.09.29 15:38:14 WARN  no build target for: /Users/liuyingxue/Documents/work/3MI3/A1/A1.sc
2020.09.29 15:38:20 WARN  no build target for: /Users/liuyingxue/Documents/work/3MI3/A1/A1.sc
2020.09.29 15:38:23 WARN  no build target for: /Users/liuyingxue/Documents/work/3MI3/A1/A1.sc
2020.09.29 15:38:29 WARN  no build target for: /Users/liuyingxue/Documents/work/3MI3/A1/A1.sc
2020.09.29 15:38:31 WARN  no build target for: /Users/liuyingxue/Documents/work/3MI3/A1/A1.sc
2020.09.29 15:38:35 WARN  no build target for: /Users/liuyingxue/Documents/work/3MI3/A1/A1.sc
2020.09.29 15:38:37 WARN  no build target for: /Users/liuyingxue/Documents/work/3MI3/A1/A1.sc
2020.09.29 15:38:39 WARN  no build tool detected in workspace '/Users/liuyingxue/Documents/work/3MI3/A1'. The most common cause for this problem is that the editor was opened in the wrong working directory, for example if you use sbt then the workspace directory should contain build.sbt. 
2020.09.29 15:38:39 WARN  no build target for: /Users/liuyingxue/Documents/work/3MI3/A1/A1.sc
2020.09.29 15:38:40 WARN  no build target for: /Users/liuyingxue/Documents/work/3MI3/A1/A1.sc
2020.09.29 15:39:26 WARN  no build target for: /Users/liuyingxue/Documents/work/3MI3/A1/A1.sc
2020.09.29 15:39:28 WARN  no build target for: /Users/liuyingxue/Documents/work/3MI3/A1/A1.sc
2020.09.29 15:43:24 WARN  no build target for: /Users/liuyingxue/Documents/work/3MI3/A1/A1.sc
2020.09.29 15:43:26 WARN  no build target for: /Users/liuyingxue/Documents/work/3MI3/A1/A1.sc
2020.09.29 15:43:29 WARN  no build target for: /Users/liuyingxue/Documents/work/3MI3/A1/A1.sc
2020.09.29 15:43:37 WARN  no build tool detected in workspace '/Users/liuyingxue/Documents/work/3MI3/A1'. The most common cause for this problem is that the editor was opened in the wrong working directory, for example if you use sbt then the workspace directory should contain build.sbt. 
2020.09.29 15:43:37 WARN  no build tool detected in workspace '/Users/liuyingxue/Documents/work/3MI3/A1'. The most common cause for this problem is that the editor was opened in the wrong working directory, for example if you use sbt then the workspace directory should contain build.sbt. 
2020.09.29 15:43:37 WARN  no build tool detected in workspace '/Users/liuyingxue/Documents/work/3MI3/A1'. The most common cause for this problem is that the editor was opened in the wrong working directory, for example if you use sbt then the workspace directory should contain build.sbt. 
2020.09.29 15:43:39 WARN  no build target for: /Users/liuyingxue/Documents/work/3MI3/A1/A1.sc
2020.09.29 15:43:41 WARN  no build target for: /Users/liuyingxue/Documents/work/3MI3/A1/A1.sc
2020.09.29 15:43:43 WARN  no build target for: /Users/liuyingxue/Documents/work/3MI3/A1/A1.sc
2020.09.29 15:43:49 WARN  no build target for: /Users/liuyingxue/Documents/work/3MI3/A1/A1.sc
something's wrong: no file:///Users/liuyingxue/Documents/work/3MI3/A1/A1.sc in this.Expr[A]RangePosition(file:///Users/liuyingxue/Documents/work/3MI3/A1/A1.sc, 58, 58, 65)
2020.09.29 15:43:54 WARN  no build target for: /Users/liuyingxue/Documents/work/3MI3/A1/A1.sc
2020.09.29 15:43:56 WARN  no build target for: /Users/liuyingxue/Documents/work/3MI3/A1/A1.sc
2020.09.29 15:47:08 WARN  no build target for: /Users/liuyingxue/Documents/work/3MI3/A1/A1.sc
2020.09.29 15:47:53 WARN  no build target for: /Users/liuyingxue/Documents/work/3MI3/A1/A1.sc
2020.09.29 15:48:03 WARN  no build tool detected in workspace '/Users/liuyingxue/Documents/work/3MI3/A1'. The most common cause for this problem is that the editor was opened in the wrong working directory, for example if you use sbt then the workspace directory should contain build.sbt. 
2020.09.29 15:48:06 WARN  no build target for: /Users/liuyingxue/Documents/work/3MI3/A1/A1.sc
2020.09.29 15:48:08 WARN  no build target for: /Users/liuyingxue/Documents/work/3MI3/A1/A1.sc
something's wrong: no file:///Users/liuyingxue/Documents/work/3MI3/A1/A1.sc in this.Expr[Const]RangePosition(file:///Users/liuyingxue/Documents/work/3MI3/A1/A1.sc, 109, 109, 120)
2020.09.29 15:48:16 WARN  no build tool detected in workspace '/Users/liuyingxue/Documents/work/3MI3/A1'. The most common cause for this problem is that the editor was opened in the wrong working directory, for example if you use sbt then the workspace directory should contain build.sbt. 
2020.09.29 15:48:19 WARN  no build target for: /Users/liuyingxue/Documents/work/3MI3/A1/A1.sc
2020.09.29 15:48:22 WARN  no build target for: /Users/liuyingxue/Documents/work/3MI3/A1/A1.sc
2020.09.29 15:48:24 WARN  no build target for: /Users/liuyingxue/Documents/work/3MI3/A1/A1.sc
something's wrong: no file:///Users/liuyingxue/Documents/work/3MI3/A1/A1.sc in this.Expr[Const]RangePosition(file:///Users/liuyingxue/Documents/work/3MI3/A1/A1.sc, 307, 307, 318)
something's wrong: no file:///Users/liuyingxue/Documents/work/3MI3/A1/A1.sc in this.Expr[Const]RangePosition(file:///Users/liuyingxue/Documents/work/3MI3/A1/A1.sc, 236, 236, 247)
something's wrong: no file:///Users/liuyingxue/Documents/work/3MI3/A1/A1.sc in this.Expr[Const]RangePosition(file:///Users/liuyingxue/Documents/work/3MI3/A1/A1.sc, 307, 307, 318)
2020.09.29 15:48:56 WARN  no build tool detected in workspace '/Users/liuyingxue/Documents/work/3MI3/A1'. The most common cause for this problem is that the editor was opened in the wrong working directory, for example if you use sbt then the workspace directory should contain build.sbt. 
2020.09.29 15:49:40 WARN  no build target for: /Users/liuyingxue/Documents/work/3MI3/A1/A1.sc
2020.09.29 15:49:41 WARN  no build target for: /Users/liuyingxue/Documents/work/3MI3/A1/A1.sc
2020.09.29 15:49:48 WARN  no build target for: /Users/liuyingxue/Documents/work/3MI3/A1/A1.sc
2020.09.29 15:49:54 WARN  no build target for: /Users/liuyingxue/Documents/work/3MI3/A1/A1.sc
2020.09.29 15:49:57 WARN  no build target for: /Users/liuyingxue/Documents/work/3MI3/A1/A1.sc
2020.09.29 15:50:06 WARN  no build target for: /Users/liuyingxue/Documents/work/3MI3/A1/A1.sc
2020.09.29 15:50:10 WARN  no build target for: /Users/liuyingxue/Documents/work/3MI3/A1/A1.sc
something's wrong: no file:///Users/liuyingxue/Documents/work/3MI3/A1/A1.sc in this.Expr[Const]RangePosition(file:///Users/liuyingxue/Documents/work/3MI3/A1/A1.sc, 297, 297, 308)
2020.09.29 15:50:20 WARN  no build target for: /Users/liuyingxue/Documents/work/3MI3/A1/A1.sc
2020.09.29 15:50:44 WARN  no build target for: /Users/liuyingxue/Documents/work/3MI3/A1/A1.sc
2020.09.29 15:51:03 WARN  no build target for: /Users/liuyingxue/Documents/work/3MI3/A1/A1.sc
2020.09.29 15:51:07 WARN  no build target for: /Users/liuyingxue/Documents/work/3MI3/A1/A1.sc
something's wrong: no file:///Users/liuyingxue/Documents/work/3MI3/A1/A1.sc in this.Expr[<error>]RangePosition(file:///Users/liuyingxue/Documents/work/3MI3/A1/A1.sc, 90, 90, 104)
2020.09.29 15:51:09 WARN  no build target for: /Users/liuyingxue/Documents/work/3MI3/A1/A1.sc
something's wrong: no file:///Users/liuyingxue/Documents/work/3MI3/A1/A1.sc in this.Expr[A]RangePosition(file:///Users/liuyingxue/Documents/work/3MI3/A1/A1.sc, 90, 90, 97)
2020.09.29 15:51:14 WARN  no build target for: /Users/liuyingxue/Documents/work/3MI3/A1/A1.sc
2020.09.29 15:51:43 WARN  no build target for: /Users/liuyingxue/Documents/work/3MI3/A1/A1.sc
2020.09.29 15:51:51 WARN  no build target for: /Users/liuyingxue/Documents/work/3MI3/A1/A1.sc
something's wrong: no file:///Users/liuyingxue/Documents/work/3MI3/A1/A1.sc in this.Expr[<error>]RangePosition(file:///Users/liuyingxue/Documents/work/3MI3/A1/A1.sc, 139, 139, 153)
2020.09.29 15:51:54 WARN  no build target for: /Users/liuyingxue/Documents/work/3MI3/A1/A1.sc
2020.09.29 15:51:57 WARN  no build target for: /Users/liuyingxue/Documents/work/3MI3/A1/A1.sc
2020.09.29 15:52:00 WARN  no build target for: /Users/liuyingxue/Documents/work/3MI3/A1/A1.sc
2020.09.29 15:52:04 WARN  no build target for: /Users/liuyingxue/Documents/work/3MI3/A1/A1.sc
something's wrong: no file:///Users/liuyingxue/Documents/work/3MI3/A1/A1.sc in this.Expr[<error>]RangePosition(file:///Users/liuyingxue/Documents/work/3MI3/A1/A1.sc, 194, 194, 208)
something's wrong: no file:///Users/liuyingxue/Documents/work/3MI3/A1/A1.sc in this.Expr[A]RangePosition(file:///Users/liuyingxue/Documents/work/3MI3/A1/A1.sc, 194, 194, 201)
something's wrong: no file:///Users/liuyingxue/Documents/work/3MI3/A1/A1.sc in this.Expr[A]RangePosition(file:///Users/liuyingxue/Documents/work/3MI3/A1/A1.sc, 139, 139, 146)
2020.09.29 15:52:07 WARN  no build target for: /Users/liuyingxue/Documents/work/3MI3/A1/A1.sc
2020.09.29 15:52:08 WARN  no build tool detected in workspace '/Users/liuyingxue/Documents/work/3MI3/A1'. The most common cause for this problem is that the editor was opened in the wrong working directory, for example if you use sbt then the workspace directory should contain build.sbt. 
2020.09.29 15:52:08 WARN  no build tool detected in workspace '/Users/liuyingxue/Documents/work/3MI3/A1'. The most common cause for this problem is that the editor was opened in the wrong working directory, for example if you use sbt then the workspace directory should contain build.sbt. 
2020.09.29 15:52:10 WARN  no build tool detected in workspace '/Users/liuyingxue/Documents/work/3MI3/A1'. The most common cause for this problem is that the editor was opened in the wrong working directory, for example if you use sbt then the workspace directory should contain build.sbt. 
2020.09.29 15:52:10 WARN  no build tool detected in workspace '/Users/liuyingxue/Documents/work/3MI3/A1'. The most common cause for this problem is that the editor was opened in the wrong working directory, for example if you use sbt then the workspace directory should contain build.sbt. 
2020.09.29 15:52:11 WARN  no build target for: /Users/liuyingxue/Documents/work/3MI3/A1/A1.sc
2020.09.29 15:52:13 WARN  no build tool detected in workspace '/Users/liuyingxue/Documents/work/3MI3/A1'. The most common cause for this problem is that the editor was opened in the wrong working directory, for example if you use sbt then the workspace directory should contain build.sbt. 
2020.09.29 15:52:13 WARN  no build tool detected in workspace '/Users/liuyingxue/Documents/work/3MI3/A1'. The most common cause for this problem is that the editor was opened in the wrong working directory, for example if you use sbt then the workspace directory should contain build.sbt. 
2020.09.29 15:52:13 WARN  no build target for: /Users/liuyingxue/Documents/work/3MI3/A1/A1.sc
2020.09.29 15:52:15 WARN  no build tool detected in workspace '/Users/liuyingxue/Documents/work/3MI3/A1'. The most common cause for this problem is that the editor was opened in the wrong working directory, for example if you use sbt then the workspace directory should contain build.sbt. 
2020.09.29 15:52:15 WARN  no build tool detected in workspace '/Users/liuyingxue/Documents/work/3MI3/A1'. The most common cause for this problem is that the editor was opened in the wrong working directory, for example if you use sbt then the workspace directory should contain build.sbt. 
2020.09.29 15:52:16 WARN  no build target for: /Users/liuyingxue/Documents/work/3MI3/A1/A1.sc
2020.09.29 15:52:16 WARN  no build tool detected in workspace '/Users/liuyingxue/Documents/work/3MI3/A1'. The most common cause for this problem is that the editor was opened in the wrong working directory, for example if you use sbt then the workspace directory should contain build.sbt. 
2020.09.29 15:52:16 WARN  no build tool detected in workspace '/Users/liuyingxue/Documents/work/3MI3/A1'. The most common cause for this problem is that the editor was opened in the wrong working directory, for example if you use sbt then the workspace directory should contain build.sbt. 
2020.09.29 15:52:16 WARN  no build tool detected in workspace '/Users/liuyingxue/Documents/work/3MI3/A1'. The most common cause for this problem is that the editor was opened in the wrong working directory, for example if you use sbt then the workspace directory should contain build.sbt. 
2020.09.29 15:52:17 WARN  no build target for: /Users/liuyingxue/Documents/work/3MI3/A1/A1.sc
something's wrong: no file:///Users/liuyingxue/Documents/work/3MI3/A1/A1.sc in this.Expr[<error>]RangePosition(file:///Users/liuyingxue/Documents/work/3MI3/A1/A1.sc, 210, 210, 224)
2020.09.29 15:52:21 WARN  no build target for: /Users/liuyingxue/Documents/work/3MI3/A1/A1.sc
2020.09.29 15:52:24 WARN  no build target for: /Users/liuyingxue/Documents/work/3MI3/A1/A1.sc
something's wrong: no file:///Users/liuyingxue/Documents/work/3MI3/A1/A1.sc in this.Expr[A]RangePosition(file:///Users/liuyingxue/Documents/work/3MI3/A1/A1.sc, 224, 224, 231)
2020.09.29 15:52:28 WARN  no build target for: /Users/liuyingxue/Documents/work/3MI3/A1/A1.sc
2020.09.29 15:52:30 WARN  no build target for: /Users/liuyingxue/Documents/work/3MI3/A1/A1.sc
something's wrong: no file:///Users/liuyingxue/Documents/work/3MI3/A1/A1.sc in this.Expr[<error>]RangePosition(file:///Users/liuyingxue/Documents/work/3MI3/A1/A1.sc, 359, 359, 370)
2020.09.29 15:52:33 WARN  no build target for: /Users/liuyingxue/Documents/work/3MI3/A1/A1.sc
2020.09.29 15:53:15 WARN  no build target for: /Users/liuyingxue/Documents/work/3MI3/A1/A1.sc
2020.09.29 15:53:23 WARN  no build target for: /Users/liuyingxue/Documents/work/3MI3/A1/A1.sc
2020.09.29 15:53:26 WARN  no build target for: /Users/liuyingxue/Documents/work/3MI3/A1/A1.sc
2020.09.29 15:53:28 WARN  no build target for: /Users/liuyingxue/Documents/work/3MI3/A1/A1.sc
2020.09.29 15:53:33 WARN  no build target for: /Users/liuyingxue/Documents/work/3MI3/A1/A1.sc
2020.09.29 15:53:35 WARN  no build target for: /Users/liuyingxue/Documents/work/3MI3/A1/A1.sc
2020.09.29 15:53:38 WARN  no build target for: /Users/liuyingxue/Documents/work/3MI3/A1/A1.sc
2020.09.29 15:53:39 WARN  no build target for: /Users/liuyingxue/Documents/work/3MI3/A1/A1.sc
2020.09.29 15:53:59 WARN  no build target for: /Users/liuyingxue/Documents/work/3MI3/A1/A1.sc
2020.09.29 15:54:14 WARN  no build target for: /Users/liuyingxue/Documents/work/3MI3/A1/A1.sc
2020.09.29 15:54:17 WARN  no build target for: /Users/liuyingxue/Documents/work/3MI3/A1/A1.sc
2020.09.29 15:54:20 WARN  no build target for: /Users/liuyingxue/Documents/work/3MI3/A1/A1.sc
2020.09.29 15:54:21 WARN  no build target for: /Users/liuyingxue/Documents/work/3MI3/A1/A1.sc
2020.09.29 15:54:23 WARN  no build target for: /Users/liuyingxue/Documents/work/3MI3/A1/A1.sc
2020.09.29 15:54:29 WARN  no build target for: /Users/liuyingxue/Documents/work/3MI3/A1/A1.sc
2020.09.29 15:54:34 WARN  no build target for: /Users/liuyingxue/Documents/work/3MI3/A1/A1.sc
2020.09.29 15:54:35 WARN  no build target for: /Users/liuyingxue/Documents/work/3MI3/A1/A1.sc
2020.09.29 15:54:39 WARN  no build target for: /Users/liuyingxue/Documents/work/3MI3/A1/A1.sc
2020.09.29 15:54:42 WARN  no build target for: /Users/liuyingxue/Documents/work/3MI3/A1/A1.sc
2020.09.29 15:54:46 WARN  no build target for: /Users/liuyingxue/Documents/work/3MI3/A1/A1.sc
2020.09.29 15:54:51 WARN  no build target for: /Users/liuyingxue/Documents/work/3MI3/A1/A1.sc
2020.09.29 15:54:55 WARN  no build target for: /Users/liuyingxue/Documents/work/3MI3/A1/A1.sc
2020.09.29 15:54:56 WARN  no build target for: /Users/liuyingxue/Documents/work/3MI3/A1/A1.sc
2020.09.29 15:55:13 WARN  no build target for: /Users/liuyingxue/Documents/work/3MI3/A1/A1.sc
2020.09.29 15:55:15 WARN  no build target for: /Users/liuyingxue/Documents/work/3MI3/A1/A1.sc
2020.09.29 15:55:18 WARN  no build target for: /Users/liuyingxue/Documents/work/3MI3/A1/A1.sc
2020.09.29 15:55:32 WARN  no build target for: /Users/liuyingxue/Documents/work/3MI3/A1/A1.sc
2020.09.29 15:55:43 WARN  no build target for: /Users/liuyingxue/Documents/work/3MI3/A1/A1.sc
2020.09.29 15:55:54 WARN  no build target for: /Users/liuyingxue/Documents/work/3MI3/A1/A1.sc
2020.09.29 15:58:28 WARN  no build target for: /Users/liuyingxue/Documents/work/3MI3/A1/A1.sc
2020.09.29 15:58:30 WARN  no build target for: /Users/liuyingxue/Documents/work/3MI3/A1/A1.sc
2020.09.29 15:58:32 WARN  no build target for: /Users/liuyingxue/Documents/work/3MI3/A1/A1.sc
2020.09.29 15:58:36 WARN  no build tool detected in workspace '/Users/liuyingxue/Documents/work/3MI3/A1'. The most common cause for this problem is that the editor was opened in the wrong working directory, for example if you use sbt then the workspace directory should contain build.sbt. 
2020.09.29 15:58:37 WARN  no build target for: /Users/liuyingxue/Documents/work/3MI3/A1/A1.sc
2020.09.29 15:58:39 WARN  no build target for: /Users/liuyingxue/Documents/work/3MI3/A1/A1.sc
2020.09.29 15:58:41 WARN  no build target for: /Users/liuyingxue/Documents/work/3MI3/A1/A1.sc
2020.09.29 15:58:41 WARN  no build tool detected in workspace '/Users/liuyingxue/Documents/work/3MI3/A1'. The most common cause for this problem is that the editor was opened in the wrong working directory, for example if you use sbt then the workspace directory should contain build.sbt. 
2020.09.29 15:58:42 WARN  no build target for: /Users/liuyingxue/Documents/work/3MI3/A1/A1.sc
2020.09.29 15:58:49 WARN  no build target for: /Users/liuyingxue/Documents/work/3MI3/A1/A1.sc
something's wrong: no file:///Users/liuyingxue/Documents/work/3MI3/A1/A1.sc in this.Expr[A]RangePosition(file:///Users/liuyingxue/Documents/work/3MI3/A1/A1.sc, 391, 391, 398)
2020.09.29 15:59:44 WARN  no build target for: /Users/liuyingxue/Documents/work/3MI3/A1/A1.sc
2020.09.29 15:59:48 WARN  no build target for: /Users/liuyingxue/Documents/work/3MI3/A1/A1.sc
2020.09.29 16:00:13 WARN  no build tool detected in workspace '/Users/liuyingxue/Documents/work/3MI3/A1'. The most common cause for this problem is that the editor was opened in the wrong working directory, for example if you use sbt then the workspace directory should contain build.sbt. 
2020.09.29 16:00:15 WARN  no build target for: /Users/liuyingxue/Documents/work/3MI3/A1/A1.sc
2020.09.29 16:01:31 WARN  no build target for: /Users/liuyingxue/Documents/work/3MI3/A1/A1.sc
2020.09.29 16:01:37 WARN  no build target for: /Users/liuyingxue/Documents/work/3MI3/A1/A1.sc
2020.09.29 16:01:41 WARN  no build target for: /Users/liuyingxue/Documents/work/3MI3/A1/A1.sc
2020.09.29 16:01:43 WARN  no build target for: /Users/liuyingxue/Documents/work/3MI3/A1/A1.sc
2020.09.29 16:01:46 WARN  no build target for: /Users/liuyingxue/Documents/work/3MI3/A1/A1.sc
2020.09.29 16:01:49 WARN  no build target for: /Users/liuyingxue/Documents/work/3MI3/A1/A1.sc
2020.09.29 16:01:53 WARN  no build target for: /Users/liuyingxue/Documents/work/3MI3/A1/A1.sc
2020.09.29 16:01:55 WARN  no build target for: /Users/liuyingxue/Documents/work/3MI3/A1/A1.sc
2020.09.29 16:01:58 WARN  no build target for: /Users/liuyingxue/Documents/work/3MI3/A1/A1.sc
2020.09.29 16:02:53 WARN  no build target for: /Users/liuyingxue/Documents/work/3MI3/A1/A1.sc
2020.09.29 16:12:02 WARN  no build target for: /Users/liuyingxue/Documents/work/3MI3/A1/A1.sc
2020.09.29 16:12:05 WARN  no build target for: /Users/liuyingxue/Documents/work/3MI3/A1/A1.sc
2020.09.29 16:12:23 WARN  no build target for: /Users/liuyingxue/Documents/work/3MI3/A1/A1.sc
2020.09.29 16:13:11 WARN  no build target for: /Users/liuyingxue/Documents/work/3MI3/A1/A1.sc
2020.09.29 16:13:22 WARN  no build target for: /Users/liuyingxue/Documents/work/3MI3/A1/A1.sc
2020.09.29 16:14:20 WARN  no build target for: /Users/liuyingxue/Documents/work/3MI3/A1/A1.sc
2020.09.29 16:14:22 WARN  no build target for: /Users/liuyingxue/Documents/work/3MI3/A1/A1.sc
2020.09.29 16:14:23 WARN  no build target for: /Users/liuyingxue/Documents/work/3MI3/A1/A1.sc
2020.09.29 16:14:29 WARN  no build target for: /Users/liuyingxue/Documents/work/3MI3/A1/A1.sc
2020.09.29 16:14:35 WARN  no build target for: /Users/liuyingxue/Documents/work/3MI3/A1/A1.sc
2020.09.29 16:14:38 WARN  no build target for: /Users/liuyingxue/Documents/work/3MI3/A1/A1.sc
2020.09.29 16:14:39 WARN  no build target for: /Users/liuyingxue/Documents/work/3MI3/A1/A1.sc
2020.09.29 16:14:44 WARN  no build tool detected in workspace '/Users/liuyingxue/Documents/work/3MI3/A1'. The most common cause for this problem is that the editor was opened in the wrong working directory, for example if you use sbt then the workspace directory should contain build.sbt. 
2020.09.29 16:14:45 WARN  no build target for: /Users/liuyingxue/Documents/work/3MI3/A1/A1.sc
2020.09.29 16:14:46 WARN  no build target for: /Users/liuyingxue/Documents/work/3MI3/A1/A1.sc
2020.09.29 16:14:48 WARN  no build target for: /Users/liuyingxue/Documents/work/3MI3/A1/A1.sc
Sep 29, 2020 4:18:08 PM org.eclipse.lsp4j.jsonrpc.RemoteEndpoint handleCancellation
WARNING: Unmatched cancel notification for request id 2104
2020.09.29 16:18:10 WARN  no build target for: /Users/liuyingxue/Documents/work/3MI3/A1/A1.sc
2020.09.29 16:18:13 WARN  no build target for: /Users/liuyingxue/Documents/work/3MI3/A1/A1.sc
2020.09.29 16:18:19 WARN  no build target for: /Users/liuyingxue/Documents/work/3MI3/A1/A1.sc
2020.09.29 16:18:44 WARN  no build target for: /Users/liuyingxue/Documents/work/3MI3/A1/A1.sc
2020.09.29 16:18:46 WARN  no build target for: /Users/liuyingxue/Documents/work/3MI3/A1/A1.sc
2020.09.29 16:18:48 WARN  no build target for: /Users/liuyingxue/Documents/work/3MI3/A1/A1.sc
2020.09.29 16:18:51 WARN  no build target for: /Users/liuyingxue/Documents/work/3MI3/A1/A1.sc
Sep 29, 2020 4:18:51 PM scala.meta.internal.pc.CompilerAccess handleError
SEVERE: offset 638, count -1, length 712
java.lang.StringIndexOutOfBoundsException: offset 638, count -1, length 712
	at java.base/java.lang.String.checkBoundsOffCount(String.java:3705)
	at java.base/java.lang.String.rangeCheck(String.java:296)
	at java.base/java.lang.String.<init>(String.java:292)
	at scala.tools.nsc.interactive.Global.typeCompletions$1(Global.scala:1230)
	at scala.tools.nsc.interactive.Global.completionsAt(Global.scala:1253)
	at scala.meta.internal.pc.SignatureHelpProvider.$anonfun$treeSymbol$1(SignatureHelpProvider.scala:376)
	at scala.Option.map(Option.scala:230)
	at scala.meta.internal.pc.SignatureHelpProvider.treeSymbol(SignatureHelpProvider.scala:374)
	at scala.meta.internal.pc.SignatureHelpProvider$MethodCall$.unapply(SignatureHelpProvider.scala:199)
	at scala.meta.internal.pc.SignatureHelpProvider$MethodCallTraverser.visit(SignatureHelpProvider.scala:310)
	at scala.meta.internal.pc.SignatureHelpProvider$MethodCallTraverser.traverse(SignatureHelpProvider.scala:304)
	at scala.meta.internal.pc.SignatureHelpProvider$MethodCallTraverser.fromTree(SignatureHelpProvider.scala:273)
	at scala.meta.internal.pc.SignatureHelpProvider.signatureHelp(SignatureHelpProvider.scala:27)

2020.09.29 16:18:52 WARN  no build target for: /Users/liuyingxue/Documents/work/3MI3/A1/A1.sc
2020.09.29 16:19:17 WARN  no build target for: /Users/liuyingxue/Documents/work/3MI3/A1/A1.sc
2020.09.29 16:19:20 WARN  no build target for: /Users/liuyingxue/Documents/work/3MI3/A1/A1.sc
2020.09.29 16:19:22 WARN  no build target for: /Users/liuyingxue/Documents/work/3MI3/A1/A1.sc
2020.09.29 16:19:48 WARN  no build target for: /Users/liuyingxue/Documents/work/3MI3/A1/A1.sc
something's wrong: no file:///Users/liuyingxue/Documents/work/3MI3/A1/A1.sc in this.Expr[A]RangePosition(file:///Users/liuyingxue/Documents/work/3MI3/A1/A1.sc, 326, 326, 333)
2020.09.29 20:56:14 WARN  no build target for: /Users/liuyingxue/Documents/work/3MI3/A1/A1.sc
2020.09.29 20:56:17 WARN  no build target for: /Users/liuyingxue/Documents/work/3MI3/A1/A1.sc
2020.09.29 20:56:21 WARN  no build target for: /Users/liuyingxue/Documents/work/3MI3/A1/A1.sc
2020.09.29 20:56:25 WARN  no build target for: /Users/liuyingxue/Documents/work/3MI3/A1/A1.sc
2020.09.29 20:56:27 WARN  no build target for: /Users/liuyingxue/Documents/work/3MI3/A1/A1.sc
2020.09.29 20:56:29 WARN  no build target for: /Users/liuyingxue/Documents/work/3MI3/A1/A1.sc
2020.09.29 20:56:31 WARN  no build target for: /Users/liuyingxue/Documents/work/3MI3/A1/A1.sc
2020.09.29 21:30:16 WARN  no build target for: /Users/liuyingxue/Documents/work/3MI3/A1/A1.sc
2020.09.29 21:30:30 WARN  no build target for: /Users/liuyingxue/Documents/work/3MI3/A1/A1.sc
2020.09.29 21:30:32 WARN  no build tool detected in workspace '/Users/liuyingxue/Documents/work/3MI3/A1'. The most common cause for this problem is that the editor was opened in the wrong working directory, for example if you use sbt then the workspace directory should contain build.sbt. 
2020.09.29 21:30:33 WARN  no build target for: /Users/liuyingxue/Documents/work/3MI3/A1/A1.sc
2020.09.29 21:31:12 WARN  no build target for: /Users/liuyingxue/Documents/work/3MI3/A1/A1.sc
2020.09.29 21:31:14 WARN  no build target for: /Users/liuyingxue/Documents/work/3MI3/A1/A1.sc
2020.09.29 21:31:50 WARN  no build target for: /Users/liuyingxue/Documents/work/3MI3/A1/A1.sc
2020.09.29 21:31:58 WARN  no build target for: /Users/liuyingxue/Documents/work/3MI3/A1/A1.sc
2020.09.29 21:32:01 WARN  no build target for: /Users/liuyingxue/Documents/work/3MI3/A1/A1.sc
2020.09.29 21:39:34 WARN  no build target for: /Users/liuyingxue/Documents/work/3MI3/A1/A1.sc
2020.09.29 21:39:36 WARN  no build target for: /Users/liuyingxue/Documents/work/3MI3/A1/A1.sc
2020.09.29 21:39:38 WARN  no build target for: /Users/liuyingxue/Documents/work/3MI3/A1/A1.sc
2020.09.29 21:39:41 WARN  no build target for: /Users/liuyingxue/Documents/work/3MI3/A1/A1.sc
2020.09.29 21:40:18 WARN  no build target for: /Users/liuyingxue/Documents/work/3MI3/A1/A1.sc
2020.09.29 21:40:21 WARN  no build target for: /Users/liuyingxue/Documents/work/3MI3/A1/A1.sc
2020.09.29 21:40:24 WARN  no build target for: /Users/liuyingxue/Documents/work/3MI3/A1/A1.sc
2020.09.29 21:40:53 WARN  no build target for: /Users/liuyingxue/Documents/work/3MI3/A1/A1.sc
2020.09.29 21:40:56 WARN  no build target for: /Users/liuyingxue/Documents/work/3MI3/A1/A1.sc
2020.09.29 22:57:30 INFO  shutting down Metals
2020.10.04 14:50:39 INFO  started: Metals version 0.9.3+82-189ba64a-SNAPSHOT in workspace '/Users/liuyingxue/Documents/work/3MI3/A1' for client vscode.
2020.10.04 14:50:42 INFO  time: initialize in 2.24s
2020.10.04 14:50:43 WARN  no build tool detected in workspace '/Users/liuyingxue/Documents/work/3MI3/A1'. The most common cause for this problem is that the editor was opened in the wrong working directory, for example if you use sbt then the workspace directory should contain build.sbt. 
2020.10.04 14:50:48 INFO  no build target: using presentation compiler with only scala-library
2020.10.04 14:50:48 WARN  no build target for: /Users/liuyingxue/Documents/work/3MI3/A1/A1.sc
2020.10.04 14:51:13 WARN  no build target for: /Users/liuyingxue/Documents/work/3MI3/A1/A1.sc
2020.10.04 14:53:31 WARN  no build tool detected in workspace '/Users/liuyingxue/Documents/work/3MI3/A1'. The most common cause for this problem is that the editor was opened in the wrong working directory, for example if you use sbt then the workspace directory should contain build.sbt. 
2020.10.04 14:53:34 WARN  no build tool detected in workspace '/Users/liuyingxue/Documents/work/3MI3/A1'. The most common cause for this problem is that the editor was opened in the wrong working directory, for example if you use sbt then the workspace directory should contain build.sbt. 
2020.10.04 14:53:36 WARN  no build target for: /Users/liuyingxue/Documents/work/3MI3/A1/A1.sc
2020.10.04 14:55:03 WARN  no build target for: /Users/liuyingxue/Documents/work/3MI3/A1/A1.sc
2020.10.04 14:55:06 WARN  no build target for: /Users/liuyingxue/Documents/work/3MI3/A1/A1.sc
2020.10.04 14:55:09 WARN  no build target for: /Users/liuyingxue/Documents/work/3MI3/A1/A1.sc
2020.10.04 14:55:18 WARN  no build tool detected in workspace '/Users/liuyingxue/Documents/work/3MI3/A1'. The most common cause for this problem is that the editor was opened in the wrong working directory, for example if you use sbt then the workspace directory should contain build.sbt. 
2020.10.04 14:58:01 WARN  no build target for: /Users/liuyingxue/Documents/work/3MI3/A1/A1.sc
2020.10.04 14:58:03 WARN  no build target for: /Users/liuyingxue/Documents/work/3MI3/A1/A1.sc
2020.10.04 14:58:21 WARN  no build target for: /Users/liuyingxue/Documents/work/3MI3/A1/A1.sc
2020.10.04 14:58:35 WARN  no build target for: /Users/liuyingxue/Documents/work/3MI3/A1/A1.sc
2020.10.04 15:00:38 WARN  no build target for: /Users/liuyingxue/Documents/work/3MI3/A1/A1.sc
2020.10.04 15:00:39 WARN  no build target for: /Users/liuyingxue/Documents/work/3MI3/A1/A1.sc
2020.10.04 15:00:44 WARN  no build target for: /Users/liuyingxue/Documents/work/3MI3/A1/A1.sc
2020.10.04 15:00:58 WARN  no build target for: /Users/liuyingxue/Documents/work/3MI3/A1/A1.sc
2020.10.04 15:01:02 WARN  no build target for: /Users/liuyingxue/Documents/work/3MI3/A1/A1.sc
2020.10.04 15:01:18 WARN  no build tool detected in workspace '/Users/liuyingxue/Documents/work/3MI3/A1'. The most common cause for this problem is that the editor was opened in the wrong working directory, for example if you use sbt then the workspace directory should contain build.sbt. 
2020.10.04 15:01:18 WARN  no build tool detected in workspace '/Users/liuyingxue/Documents/work/3MI3/A1'. The most common cause for this problem is that the editor was opened in the wrong working directory, for example if you use sbt then the workspace directory should contain build.sbt. 
2020.10.04 15:01:21 WARN  no build target for: /Users/liuyingxue/Documents/work/3MI3/A1/A1.sc
2020.10.04 15:01:27 WARN  no build target for: /Users/liuyingxue/Documents/work/3MI3/A1/A1.sc
2020.10.04 15:02:03 WARN  no build target for: /Users/liuyingxue/Documents/work/3MI3/A1/A1.sc
2020.10.04 15:02:19 WARN  no build target for: /Users/liuyingxue/Documents/work/3MI3/A1/A1.sc
2020.10.04 15:02:48 WARN  no build target for: /Users/liuyingxue/Documents/work/3MI3/A1/A1.sc
something's wrong: no file:///Users/liuyingxue/Documents/work/3MI3/A1/A1.sc in this.Expr[Int]RangePosition(file:///Users/liuyingxue/Documents/work/3MI3/A1/A1.sc, 530, 530, 539)
2020.10.04 15:02:58 WARN  no build tool detected in workspace '/Users/liuyingxue/Documents/work/3MI3/A1'. The most common cause for this problem is that the editor was opened in the wrong working directory, for example if you use sbt then the workspace directory should contain build.sbt. 
2020.10.04 15:03:03 WARN  no build target for: /Users/liuyingxue/Documents/work/3MI3/A1/A1.sc
2020.10.04 15:03:13 WARN  no build target for: /Users/liuyingxue/Documents/work/3MI3/A1/A1.sc
2020.10.04 15:03:14 WARN  no build target for: /Users/liuyingxue/Documents/work/3MI3/A1/A1.sc
2020.10.04 15:04:03 WARN  no build target for: /Users/liuyingxue/Documents/work/3MI3/A1/A1.sc
2020.10.04 15:04:23 WARN  no build target for: /Users/liuyingxue/Documents/work/3MI3/A1/A1.sc
2020.10.04 15:04:33 WARN  no build target for: /Users/liuyingxue/Documents/work/3MI3/A1/A1.sc
2020.10.04 15:04:37 WARN  no build target for: /Users/liuyingxue/Documents/work/3MI3/A1/A1.sc
2020.10.04 15:05:22 WARN  no build target for: /Users/liuyingxue/Documents/work/3MI3/A1/A1.sc
2020.10.04 15:06:12 WARN  no build tool detected in workspace '/Users/liuyingxue/Documents/work/3MI3/A1'. The most common cause for this problem is that the editor was opened in the wrong working directory, for example if you use sbt then the workspace directory should contain build.sbt. 
2020.10.04 15:06:14 WARN  no build tool detected in workspace '/Users/liuyingxue/Documents/work/3MI3/A1'. The most common cause for this problem is that the editor was opened in the wrong working directory, for example if you use sbt then the workspace directory should contain build.sbt. 
2020.10.04 15:06:14 WARN  no build tool detected in workspace '/Users/liuyingxue/Documents/work/3MI3/A1'. The most common cause for this problem is that the editor was opened in the wrong working directory, for example if you use sbt then the workspace directory should contain build.sbt. 
2020.10.04 15:06:14 WARN  no build tool detected in workspace '/Users/liuyingxue/Documents/work/3MI3/A1'. The most common cause for this problem is that the editor was opened in the wrong working directory, for example if you use sbt then the workspace directory should contain build.sbt. 
something's wrong: no file:///Users/liuyingxue/Documents/work/3MI3/A1/A1.sc in this.Operations[Double]RangePosition(file:///Users/liuyingxue/Documents/work/3MI3/A1/A1.sc, 529, 529, 547)
2020.10.04 15:06:16 WARN  no build target for: /Users/liuyingxue/Documents/work/3MI3/A1/A1.sc
2020.10.04 15:06:18 WARN  no build target for: /Users/liuyingxue/Documents/work/3MI3/A1/A1.sc
2020.10.04 15:06:34 WARN  no build target for: /Users/liuyingxue/Documents/work/3MI3/A1/A1.sc
2020.10.04 15:08:22 WARN  no build target for: /Users/liuyingxue/Documents/work/3MI3/A1/A1.sc
2020.10.04 15:08:25 WARN  no build target for: /Users/liuyingxue/Documents/work/3MI3/A1/A1.sc
2020.10.04 15:08:25 WARN  no build tool detected in workspace '/Users/liuyingxue/Documents/work/3MI3/A1'. The most common cause for this problem is that the editor was opened in the wrong working directory, for example if you use sbt then the workspace directory should contain build.sbt. 
2020.10.04 15:08:27 WARN  no build target for: /Users/liuyingxue/Documents/work/3MI3/A1/A1.sc
2020.10.04 15:08:27 WARN  no build tool detected in workspace '/Users/liuyingxue/Documents/work/3MI3/A1'. The most common cause for this problem is that the editor was opened in the wrong working directory, for example if you use sbt then the workspace directory should contain build.sbt. 
2020.10.04 15:08:29 WARN  no build target for: /Users/liuyingxue/Documents/work/3MI3/A1/A1.sc
2020.10.04 15:08:32 WARN  no build tool detected in workspace '/Users/liuyingxue/Documents/work/3MI3/A1'. The most common cause for this problem is that the editor was opened in the wrong working directory, for example if you use sbt then the workspace directory should contain build.sbt. 
2020.10.04 15:08:32 WARN  no build tool detected in workspace '/Users/liuyingxue/Documents/work/3MI3/A1'. The most common cause for this problem is that the editor was opened in the wrong working directory, for example if you use sbt then the workspace directory should contain build.sbt. 
2020.10.04 15:08:34 WARN  no build target for: /Users/liuyingxue/Documents/work/3MI3/A1/A1.sc
2020.10.04 15:08:36 WARN  no build target for: /Users/liuyingxue/Documents/work/3MI3/A1/A1.sc
2020.10.04 15:08:38 WARN  no build target for: /Users/liuyingxue/Documents/work/3MI3/A1/A1.sc
2020.10.04 15:08:40 WARN  no build target for: /Users/liuyingxue/Documents/work/3MI3/A1/A1.sc
2020.10.04 15:12:42 WARN  no build tool detected in workspace '/Users/liuyingxue/Documents/work/3MI3/A1'. The most common cause for this problem is that the editor was opened in the wrong working directory, for example if you use sbt then the workspace directory should contain build.sbt. 
2020.10.04 15:12:43 WARN  no build target for: /Users/liuyingxue/Documents/work/3MI3/A1/A1.sc
2020.10.04 15:13:01 WARN  no build tool detected in workspace '/Users/liuyingxue/Documents/work/3MI3/A1'. The most common cause for this problem is that the editor was opened in the wrong working directory, for example if you use sbt then the workspace directory should contain build.sbt. 
2020.10.04 15:14:29 WARN  no build target for: /Users/liuyingxue/Documents/work/3MI3/A1/A1.sc
2020.10.04 15:14:35 WARN  no build tool detected in workspace '/Users/liuyingxue/Documents/work/3MI3/A1'. The most common cause for this problem is that the editor was opened in the wrong working directory, for example if you use sbt then the workspace directory should contain build.sbt. 
2020.10.04 15:14:35 WARN  no build tool detected in workspace '/Users/liuyingxue/Documents/work/3MI3/A1'. The most common cause for this problem is that the editor was opened in the wrong working directory, for example if you use sbt then the workspace directory should contain build.sbt. 
2020.10.04 15:14:35 WARN  no build tool detected in workspace '/Users/liuyingxue/Documents/work/3MI3/A1'. The most common cause for this problem is that the editor was opened in the wrong working directory, for example if you use sbt then the workspace directory should contain build.sbt. 
2020.10.04 15:14:37 WARN  no build target for: /Users/liuyingxue/Documents/work/3MI3/A1/A1.sc
2020.10.04 15:14:40 WARN  no build target for: /Users/liuyingxue/Documents/work/3MI3/A1/A1.sc
2020.10.04 15:14:41 WARN  no build target for: /Users/liuyingxue/Documents/work/3MI3/A1/A1.sc
2020.10.04 15:14:43 WARN  no build target for: /Users/liuyingxue/Documents/work/3MI3/A1/A1.sc
2020.10.04 15:14:46 WARN  no build target for: /Users/liuyingxue/Documents/work/3MI3/A1/A1.sc
2020.10.04 15:14:49 WARN  no build tool detected in workspace '/Users/liuyingxue/Documents/work/3MI3/A1'. The most common cause for this problem is that the editor was opened in the wrong working directory, for example if you use sbt then the workspace directory should contain build.sbt. 
2020.10.04 15:14:49 WARN  no build tool detected in workspace '/Users/liuyingxue/Documents/work/3MI3/A1'. The most common cause for this problem is that the editor was opened in the wrong working directory, for example if you use sbt then the workspace directory should contain build.sbt. 
2020.10.04 15:14:51 WARN  no build target for: /Users/liuyingxue/Documents/work/3MI3/A1/A1.sc
2020.10.04 15:14:54 WARN  no build target for: /Users/liuyingxue/Documents/work/3MI3/A1/A1.sc
2020.10.04 15:14:57 WARN  no build target for: /Users/liuyingxue/Documents/work/3MI3/A1/A1.sc
2020.10.04 15:16:26 WARN  no build tool detected in workspace '/Users/liuyingxue/Documents/work/3MI3/A1'. The most common cause for this problem is that the editor was opened in the wrong working directory, for example if you use sbt then the workspace directory should contain build.sbt. 
something's wrong: no file:///Users/liuyingxue/Documents/work/3MI3/A1/A1.sc in this.Expr[A]RangePosition(file:///Users/liuyingxue/Documents/work/3MI3/A1/A1.sc, 274, 274, 281)
2020.10.04 15:22:31 WARN  no build tool detected in workspace '/Users/liuyingxue/Documents/work/3MI3/A1'. The most common cause for this problem is that the editor was opened in the wrong working directory, for example if you use sbt then the workspace directory should contain build.sbt. 
2020.10.04 15:22:31 WARN  no build tool detected in workspace '/Users/liuyingxue/Documents/work/3MI3/A1'. The most common cause for this problem is that the editor was opened in the wrong working directory, for example if you use sbt then the workspace directory should contain build.sbt. 
2020.10.04 15:22:31 WARN  no build tool detected in workspace '/Users/liuyingxue/Documents/work/3MI3/A1'. The most common cause for this problem is that the editor was opened in the wrong working directory, for example if you use sbt then the workspace directory should contain build.sbt. 
2020.10.04 15:23:46 WARN  no build tool detected in workspace '/Users/liuyingxue/Documents/work/3MI3/A1'. The most common cause for this problem is that the editor was opened in the wrong working directory, for example if you use sbt then the workspace directory should contain build.sbt. 
2020.10.04 15:23:48 WARN  no build target for: /Users/liuyingxue/Documents/work/3MI3/A1/A1.sc
2020.10.04 15:23:52 WARN  no build target for: /Users/liuyingxue/Documents/work/3MI3/A1/A1.sc
2020.10.04 15:23:53 WARN  no build target for: /Users/liuyingxue/Documents/work/3MI3/A1/A1.sc
something's wrong: no file:///Users/liuyingxue/Documents/work/3MI3/A1/A1.sc in this.Expr[Int]RangePosition(file:///Users/liuyingxue/Documents/work/3MI3/A1/A1.sc, 465, 465, 474)
2020.10.04 18:20:29 WARN  no build target for: /Users/liuyingxue/Documents/work/3MI3/A1/A1.sc
2020.10.04 18:20:32 WARN  no build target for: /Users/liuyingxue/Documents/work/3MI3/A1/A1.sc
2020.10.04 18:20:54 WARN  no build target for: /Users/liuyingxue/Documents/work/3MI3/A1/A1.sc
2020.10.04 18:20:56 WARN  no build target for: /Users/liuyingxue/Documents/work/3MI3/A1/A1.sc
2020.10.04 18:21:01 WARN  no build target for: /Users/liuyingxue/Documents/work/3MI3/A1/A1.sc
2020.10.04 18:21:02 WARN  no build target for: /Users/liuyingxue/Documents/work/3MI3/A1/A1.sc
2020.10.04 18:21:05 WARN  no build target for: /Users/liuyingxue/Documents/work/3MI3/A1/A1.sc
2020.10.04 18:21:32 WARN  no build target for: /Users/liuyingxue/Documents/work/3MI3/A1/A1.sc
2020.10.04 18:21:37 WARN  no build target for: /Users/liuyingxue/Documents/work/3MI3/A1/A1.sc
2020.10.04 18:22:04 WARN  no build target for: /Users/liuyingxue/Documents/work/3MI3/A1/A1.sc
2020.10.04 18:22:07 WARN  no build target for: /Users/liuyingxue/Documents/work/3MI3/A1/A1.sc
2020.10.04 18:22:21 WARN  no build target for: /Users/liuyingxue/Documents/work/3MI3/A1/A1.sc
2020.10.04 18:23:03 WARN  no build target for: /Users/liuyingxue/Documents/work/3MI3/A1/A1.sc
2020.10.04 18:23:06 WARN  no build target for: /Users/liuyingxue/Documents/work/3MI3/A1/A1.sc
2020.10.04 18:23:25 WARN  no build target for: /Users/liuyingxue/Documents/work/3MI3/A1/A1.sc
2020.10.04 18:24:13 WARN  no build target for: /Users/liuyingxue/Documents/work/3MI3/A1/A1.sc
2020.10.04 18:25:32 WARN  no build target for: /Users/liuyingxue/Documents/work/3MI3/A1/A1.sc
2020.10.04 19:00:02 WARN  no build target for: /Users/liuyingxue/Documents/work/3MI3/A1/A1.sc
2020.10.04 20:44:49 WARN  no build tool detected in workspace '/Users/liuyingxue/Documents/work/3MI3/A1'. The most common cause for this problem is that the editor was opened in the wrong working directory, for example if you use sbt then the workspace directory should contain build.sbt. 
2020.10.04 20:44:52 WARN  no build target for: /Users/liuyingxue/Documents/work/3MI3/A1/A1.sc
2020.10.04 20:44:53 WARN  no build target for: /Users/liuyingxue/Documents/work/3MI3/A1/A1.sc
2020.10.04 20:44:58 WARN  no build target for: /Users/liuyingxue/Documents/work/3MI3/A1/A1.sc
2020.10.04 20:45:44 WARN  no build tool detected in workspace '/Users/liuyingxue/Documents/work/3MI3/A1'. The most common cause for this problem is that the editor was opened in the wrong working directory, for example if you use sbt then the workspace directory should contain build.sbt. 
2020.10.04 20:45:45 WARN  no build target for: /Users/liuyingxue/Documents/work/3MI3/A1/A1.sc
2020.10.04 20:45:46 WARN  no build target for: /Users/liuyingxue/Documents/work/3MI3/A1/A1.sc
2020.10.04 20:45:49 WARN  no build target for: /Users/liuyingxue/Documents/work/3MI3/A1/A1.sc
2020.10.04 20:45:51 WARN  no build target for: /Users/liuyingxue/Documents/work/3MI3/A1/A1.sc
2020.10.04 20:46:32 WARN  no build target for: /Users/liuyingxue/Documents/work/3MI3/A1/A1.sc
2020.10.04 20:47:24 WARN  no build tool detected in workspace '/Users/liuyingxue/Documents/work/3MI3/A1'. The most common cause for this problem is that the editor was opened in the wrong working directory, for example if you use sbt then the workspace directory should contain build.sbt. 
2020.10.04 20:47:24 WARN  no build tool detected in workspace '/Users/liuyingxue/Documents/work/3MI3/A1'. The most common cause for this problem is that the editor was opened in the wrong working directory, for example if you use sbt then the workspace directory should contain build.sbt. 
2020.10.04 20:47:28 WARN  no build target for: /Users/liuyingxue/Documents/work/3MI3/A1/A1.sc
2020.10.04 20:47:38 WARN  no build tool detected in workspace '/Users/liuyingxue/Documents/work/3MI3/A1'. The most common cause for this problem is that the editor was opened in the wrong working directory, for example if you use sbt then the workspace directory should contain build.sbt. 
2020.10.04 20:47:38 WARN  no build tool detected in workspace '/Users/liuyingxue/Documents/work/3MI3/A1'. The most common cause for this problem is that the editor was opened in the wrong working directory, for example if you use sbt then the workspace directory should contain build.sbt. 
2020.10.04 20:47:38 WARN  no build tool detected in workspace '/Users/liuyingxue/Documents/work/3MI3/A1'. The most common cause for this problem is that the editor was opened in the wrong working directory, for example if you use sbt then the workspace directory should contain build.sbt. 
2020.10.04 20:47:38 WARN  no build tool detected in workspace '/Users/liuyingxue/Documents/work/3MI3/A1'. The most common cause for this problem is that the editor was opened in the wrong working directory, for example if you use sbt then the workspace directory should contain build.sbt. 
2020.10.04 20:48:06 WARN  no build target for: /Users/liuyingxue/Documents/work/3MI3/A1/A1.sc
2020.10.04 20:48:10 WARN  no build target for: /Users/liuyingxue/Documents/work/3MI3/A1/A1.sc
2020.10.04 20:48:24 WARN  no build target for: /Users/liuyingxue/Documents/work/3MI3/A1/A1.sc
something's wrong: no file:///Users/liuyingxue/Documents/work/3MI3/A1/A1.sc in this.Expr[A]RangePosition(file:///Users/liuyingxue/Documents/work/3MI3/A1/A1.sc, 90, 90, 97)
2020.10.04 21:00:47 INFO  shutting down Metals
2020.10.05 15:47:08 INFO  started: Metals version 0.9.3+82-189ba64a-SNAPSHOT in workspace '/Users/liuyingxue/Documents/work/3MI3/A1' for client vscode.
2020.10.05 15:47:10 INFO  time: initialize in 1.57s
2020.10.05 15:47:11 WARN  no build tool detected in workspace '/Users/liuyingxue/Documents/work/3MI3/A1'. The most common cause for this problem is that the editor was opened in the wrong working directory, for example if you use sbt then the workspace directory should contain build.sbt. 
2020.10.05 15:47:15 INFO  no build target: using presentation compiler with only scala-library
2020.10.05 15:47:15 WARN  no build target for: /Users/liuyingxue/Documents/work/3MI3/A1/A1.sc
2020.10.05 15:47:25 WARN  no build target for: /Users/liuyingxue/Documents/work/3MI3/A1/A1.sc
2020.10.05 15:47:27 WARN  no build target for: /Users/liuyingxue/Documents/work/3MI3/A1/A1.sc
2020.10.05 15:47:30 WARN  no build target for: /Users/liuyingxue/Documents/work/3MI3/A1/A1.sc
2020.10.05 22:31:55 INFO  shutting down Metals
